ARM GAS  C:\Users\Patron\AppData\Local\Temp\cciXWJUt.s 			page 1


   1              		.syntax unified
   2              		.cpu cortex-m4
   3              		.eabi_attribute 27, 1
   4              		.fpu fpv4-sp-d16
   5              		.eabi_attribute 20, 1
   6              		.eabi_attribute 21, 1
   7              		.eabi_attribute 23, 3
   8              		.eabi_attribute 24, 1
   9              		.eabi_attribute 25, 1
  10              		.eabi_attribute 26, 1
  11              		.eabi_attribute 30, 1
  12              		.eabi_attribute 34, 1
  13              		.eabi_attribute 18, 4
  14              		.thumb
  15              		.syntax unified
  16              		.file	"BLE_ias_config.c"
  17              		.text
  18              	.Ltext0:
  19              		.cfi_sections	.debug_frame
  20              		.global	cy_ble_iasConfig
  21              		.bss
  22              		.align	2
  23              		.type	cy_ble_iasConfig, %object
  24              		.size	cy_ble_iasConfig, 8
  25              	cy_ble_iasConfig:
  26 0000 00000000 		.space	8
  26      00000000 
  27              		.text
  28              	.Letext0:
  29              		.file 1 "c:\\program files\\cypress\\psoc creator\\4.3\\psoc creator\\import\\gnu\\arm\\5.4.1\\arm
  30              		.file 2 "c:\\program files\\cypress\\psoc creator\\4.3\\psoc creator\\import\\gnu\\arm\\5.4.1\\arm
  31              		.file 3 "Generated_Source\\PSoC6\\pdl\\drivers/peripheral/device/cy_device.h"
  32              		.file 4 "Generated_Source\\PSoC6\\pdl\\middleware/ble/cy_ble_stack_host_main.h"
  33              		.file 5 "Generated_Source\\PSoC6\\pdl\\middleware/ble/cy_ble_stack_gatt.h"
  34              		.file 6 "Generated_Source\\PSoC6\\pdl\\middleware/ble/cy_ble_gap.h"
  35              		.file 7 "Generated_Source\\PSoC6\\pdl\\middleware/ble/cy_ble.h"
  36              		.file 8 "Generated_Source\\PSoC6\\pdl\\middleware/ble/cy_ble_ias.h"
  37              		.file 9 "Generated_Source\\PSoC6\\pdl\\cmsis/include/core_cm4.h"
  38              		.file 10 "Generated_Source\\PSoC6\\BLE_ias_config.c"
  39              		.section	.debug_info,"",%progbits
  40              	.Ldebug_info0:
  41 0000 12070000 		.4byte	0x712
  42 0004 0400     		.2byte	0x4
  43 0006 00000000 		.4byte	.Ldebug_abbrev0
  44 000a 04       		.byte	0x4
  45 000b 01       		.uleb128 0x1
  46 000c C2060000 		.4byte	.LASF150
  47 0010 0C       		.byte	0xc
  48 0011 BA050000 		.4byte	.LASF151
  49 0015 C9090000 		.4byte	.LASF152
  50 0019 00000000 		.4byte	.Ldebug_line0
  51 001d 02       		.uleb128 0x2
  52 001e 04       		.byte	0x4
  53 001f 05       		.byte	0x5
  54 0020 696E7400 		.ascii	"int\000"
  55 0024 03       		.uleb128 0x3
  56 0025 04       		.byte	0x4
ARM GAS  C:\Users\Patron\AppData\Local\Temp\cciXWJUt.s 			page 2


  57 0026 07       		.byte	0x7
  58 0027 D6030000 		.4byte	.LASF0
  59 002b 03       		.uleb128 0x3
  60 002c 08       		.byte	0x8
  61 002d 05       		.byte	0x5
  62 002e 79010000 		.4byte	.LASF1
  63 0032 03       		.uleb128 0x3
  64 0033 08       		.byte	0x8
  65 0034 04       		.byte	0x4
  66 0035 A5080000 		.4byte	.LASF2
  67 0039 03       		.uleb128 0x3
  68 003a 01       		.byte	0x1
  69 003b 06       		.byte	0x6
  70 003c 87010000 		.4byte	.LASF3
  71 0040 04       		.uleb128 0x4
  72 0041 7E000000 		.4byte	.LASF5
  73 0045 01       		.byte	0x1
  74 0046 1D       		.byte	0x1d
  75 0047 4B000000 		.4byte	0x4b
  76 004b 03       		.uleb128 0x3
  77 004c 01       		.byte	0x1
  78 004d 08       		.byte	0x8
  79 004e 39080000 		.4byte	.LASF4
  80 0052 04       		.uleb128 0x4
  81 0053 56030000 		.4byte	.LASF6
  82 0057 01       		.byte	0x1
  83 0058 29       		.byte	0x29
  84 0059 5D000000 		.4byte	0x5d
  85 005d 03       		.uleb128 0x3
  86 005e 02       		.byte	0x2
  87 005f 05       		.byte	0x5
  88 0060 5B080000 		.4byte	.LASF7
  89 0064 04       		.uleb128 0x4
  90 0065 D0080000 		.4byte	.LASF8
  91 0069 01       		.byte	0x1
  92 006a 2B       		.byte	0x2b
  93 006b 6F000000 		.4byte	0x6f
  94 006f 03       		.uleb128 0x3
  95 0070 02       		.byte	0x2
  96 0071 07       		.byte	0x7
  97 0072 42090000 		.4byte	.LASF9
  98 0076 04       		.uleb128 0x4
  99 0077 07090000 		.4byte	.LASF10
 100 007b 01       		.byte	0x1
 101 007c 3F       		.byte	0x3f
 102 007d 81000000 		.4byte	0x81
 103 0081 03       		.uleb128 0x3
 104 0082 04       		.byte	0x4
 105 0083 05       		.byte	0x5
 106 0084 FB010000 		.4byte	.LASF11
 107 0088 04       		.uleb128 0x4
 108 0089 21030000 		.4byte	.LASF12
 109 008d 01       		.byte	0x1
 110 008e 41       		.byte	0x41
 111 008f 93000000 		.4byte	0x93
 112 0093 03       		.uleb128 0x3
 113 0094 04       		.byte	0x4
ARM GAS  C:\Users\Patron\AppData\Local\Temp\cciXWJUt.s 			page 3


 114 0095 07       		.byte	0x7
 115 0096 45040000 		.4byte	.LASF13
 116 009a 03       		.uleb128 0x3
 117 009b 08       		.byte	0x8
 118 009c 07       		.byte	0x7
 119 009d F0000000 		.4byte	.LASF14
 120 00a1 03       		.uleb128 0x3
 121 00a2 04       		.byte	0x4
 122 00a3 07       		.byte	0x7
 123 00a4 B1050000 		.4byte	.LASF15
 124 00a8 05       		.uleb128 0x5
 125 00a9 04       		.byte	0x4
 126 00aa 03       		.uleb128 0x3
 127 00ab 01       		.byte	0x1
 128 00ac 08       		.byte	0x8
 129 00ad B1080000 		.4byte	.LASF16
 130 00b1 04       		.uleb128 0x4
 131 00b2 560A0000 		.4byte	.LASF17
 132 00b6 02       		.byte	0x2
 133 00b7 18       		.byte	0x18
 134 00b8 40000000 		.4byte	0x40
 135 00bc 04       		.uleb128 0x4
 136 00bd 71010000 		.4byte	.LASF18
 137 00c1 02       		.byte	0x2
 138 00c2 20       		.byte	0x20
 139 00c3 52000000 		.4byte	0x52
 140 00c7 04       		.uleb128 0x4
 141 00c8 2A040000 		.4byte	.LASF19
 142 00cc 02       		.byte	0x2
 143 00cd 24       		.byte	0x24
 144 00ce 64000000 		.4byte	0x64
 145 00d2 04       		.uleb128 0x4
 146 00d3 31080000 		.4byte	.LASF20
 147 00d7 02       		.byte	0x2
 148 00d8 2C       		.byte	0x2c
 149 00d9 76000000 		.4byte	0x76
 150 00dd 04       		.uleb128 0x4
 151 00de 97080000 		.4byte	.LASF21
 152 00e2 02       		.byte	0x2
 153 00e3 30       		.byte	0x30
 154 00e4 88000000 		.4byte	0x88
 155 00e8 06       		.uleb128 0x6
 156 00e9 B8       		.byte	0xb8
 157 00ea 03       		.byte	0x3
 158 00eb 34       		.byte	0x34
 159 00ec F9040000 		.4byte	0x4f9
 160 00f0 07       		.uleb128 0x7
 161 00f1 D7000000 		.4byte	.LASF22
 162 00f5 03       		.byte	0x3
 163 00f6 37       		.byte	0x37
 164 00f7 DD000000 		.4byte	0xdd
 165 00fb 00       		.byte	0
 166 00fc 07       		.uleb128 0x7
 167 00fd 16030000 		.4byte	.LASF23
 168 0101 03       		.byte	0x3
 169 0102 38       		.byte	0x38
 170 0103 DD000000 		.4byte	0xdd
ARM GAS  C:\Users\Patron\AppData\Local\Temp\cciXWJUt.s 			page 4


 171 0107 04       		.byte	0x4
 172 0108 07       		.uleb128 0x7
 173 0109 51020000 		.4byte	.LASF24
 174 010d 03       		.byte	0x3
 175 010e 39       		.byte	0x39
 176 010f DD000000 		.4byte	0xdd
 177 0113 08       		.byte	0x8
 178 0114 07       		.uleb128 0x7
 179 0115 EC070000 		.4byte	.LASF25
 180 0119 03       		.byte	0x3
 181 011a 3A       		.byte	0x3a
 182 011b DD000000 		.4byte	0xdd
 183 011f 0C       		.byte	0xc
 184 0120 07       		.uleb128 0x7
 185 0121 A8010000 		.4byte	.LASF26
 186 0125 03       		.byte	0x3
 187 0126 3B       		.byte	0x3b
 188 0127 DD000000 		.4byte	0xdd
 189 012b 10       		.byte	0x10
 190 012c 07       		.uleb128 0x7
 191 012d F1010000 		.4byte	.LASF27
 192 0131 03       		.byte	0x3
 193 0132 3C       		.byte	0x3c
 194 0133 DD000000 		.4byte	0xdd
 195 0137 14       		.byte	0x14
 196 0138 07       		.uleb128 0x7
 197 0139 62040000 		.4byte	.LASF28
 198 013d 03       		.byte	0x3
 199 013e 3D       		.byte	0x3d
 200 013f DD000000 		.4byte	0xdd
 201 0143 18       		.byte	0x18
 202 0144 07       		.uleb128 0x7
 203 0145 67000000 		.4byte	.LASF29
 204 0149 03       		.byte	0x3
 205 014a 3E       		.byte	0x3e
 206 014b DD000000 		.4byte	0xdd
 207 014f 1C       		.byte	0x1c
 208 0150 07       		.uleb128 0x7
 209 0151 C00A0000 		.4byte	.LASF30
 210 0155 03       		.byte	0x3
 211 0156 3F       		.byte	0x3f
 212 0157 DD000000 		.4byte	0xdd
 213 015b 20       		.byte	0x20
 214 015c 07       		.uleb128 0x7
 215 015d AA060000 		.4byte	.LASF31
 216 0161 03       		.byte	0x3
 217 0162 40       		.byte	0x40
 218 0163 DD000000 		.4byte	0xdd
 219 0167 24       		.byte	0x24
 220 0168 07       		.uleb128 0x7
 221 0169 45050000 		.4byte	.LASF32
 222 016d 03       		.byte	0x3
 223 016e 43       		.byte	0x43
 224 016f B1000000 		.4byte	0xb1
 225 0173 28       		.byte	0x28
 226 0174 07       		.uleb128 0x7
 227 0175 4D000000 		.4byte	.LASF33
ARM GAS  C:\Users\Patron\AppData\Local\Temp\cciXWJUt.s 			page 5


 228 0179 03       		.byte	0x3
 229 017a 44       		.byte	0x44
 230 017b B1000000 		.4byte	0xb1
 231 017f 29       		.byte	0x29
 232 0180 07       		.uleb128 0x7
 233 0181 B60A0000 		.4byte	.LASF34
 234 0185 03       		.byte	0x3
 235 0186 45       		.byte	0x45
 236 0187 B1000000 		.4byte	0xb1
 237 018b 2A       		.byte	0x2a
 238 018c 07       		.uleb128 0x7
 239 018d 9C060000 		.4byte	.LASF35
 240 0191 03       		.byte	0x3
 241 0192 46       		.byte	0x46
 242 0193 B1000000 		.4byte	0xb1
 243 0197 2B       		.byte	0x2b
 244 0198 07       		.uleb128 0x7
 245 0199 BA040000 		.4byte	.LASF36
 246 019d 03       		.byte	0x3
 247 019e 47       		.byte	0x47
 248 019f B1000000 		.4byte	0xb1
 249 01a3 2C       		.byte	0x2c
 250 01a4 07       		.uleb128 0x7
 251 01a5 21090000 		.4byte	.LASF37
 252 01a9 03       		.byte	0x3
 253 01aa 48       		.byte	0x48
 254 01ab B1000000 		.4byte	0xb1
 255 01af 2D       		.byte	0x2d
 256 01b0 07       		.uleb128 0x7
 257 01b1 B1010000 		.4byte	.LASF38
 258 01b5 03       		.byte	0x3
 259 01b6 49       		.byte	0x49
 260 01b7 B1000000 		.4byte	0xb1
 261 01bb 2E       		.byte	0x2e
 262 01bc 07       		.uleb128 0x7
 263 01bd 6F050000 		.4byte	.LASF39
 264 01c1 03       		.byte	0x3
 265 01c2 4A       		.byte	0x4a
 266 01c3 B1000000 		.4byte	0xb1
 267 01c7 2F       		.byte	0x2f
 268 01c8 07       		.uleb128 0x7
 269 01c9 B6080000 		.4byte	.LASF40
 270 01cd 03       		.byte	0x3
 271 01ce 4B       		.byte	0x4b
 272 01cf B1000000 		.4byte	0xb1
 273 01d3 30       		.byte	0x30
 274 01d4 07       		.uleb128 0x7
 275 01d5 57040000 		.4byte	.LASF41
 276 01d9 03       		.byte	0x3
 277 01da 4E       		.byte	0x4e
 278 01db B1000000 		.4byte	0xb1
 279 01df 31       		.byte	0x31
 280 01e0 07       		.uleb128 0x7
 281 01e1 70000000 		.4byte	.LASF42
 282 01e5 03       		.byte	0x3
 283 01e6 4F       		.byte	0x4f
 284 01e7 B1000000 		.4byte	0xb1
ARM GAS  C:\Users\Patron\AppData\Local\Temp\cciXWJUt.s 			page 6


 285 01eb 32       		.byte	0x32
 286 01ec 07       		.uleb128 0x7
 287 01ed CA030000 		.4byte	.LASF43
 288 01f1 03       		.byte	0x3
 289 01f2 50       		.byte	0x50
 290 01f3 B1000000 		.4byte	0xb1
 291 01f7 33       		.byte	0x33
 292 01f8 07       		.uleb128 0x7
 293 01f9 02060000 		.4byte	.LASF44
 294 01fd 03       		.byte	0x3
 295 01fe 51       		.byte	0x51
 296 01ff B1000000 		.4byte	0xb1
 297 0203 34       		.byte	0x34
 298 0204 07       		.uleb128 0x7
 299 0205 6C090000 		.4byte	.LASF45
 300 0209 03       		.byte	0x3
 301 020a 52       		.byte	0x52
 302 020b BC000000 		.4byte	0xbc
 303 020f 36       		.byte	0x36
 304 0210 07       		.uleb128 0x7
 305 0211 83020000 		.4byte	.LASF46
 306 0215 03       		.byte	0x3
 307 0216 53       		.byte	0x53
 308 0217 BC000000 		.4byte	0xbc
 309 021b 38       		.byte	0x38
 310 021c 07       		.uleb128 0x7
 311 021d 0B0A0000 		.4byte	.LASF47
 312 0221 03       		.byte	0x3
 313 0222 54       		.byte	0x54
 314 0223 BC000000 		.4byte	0xbc
 315 0227 3A       		.byte	0x3a
 316 0228 07       		.uleb128 0x7
 317 0229 A70A0000 		.4byte	.LASF48
 318 022d 03       		.byte	0x3
 319 022e 55       		.byte	0x55
 320 022f B1000000 		.4byte	0xb1
 321 0233 3C       		.byte	0x3c
 322 0234 07       		.uleb128 0x7
 323 0235 AA020000 		.4byte	.LASF49
 324 0239 03       		.byte	0x3
 325 023a 56       		.byte	0x56
 326 023b B1000000 		.4byte	0xb1
 327 023f 3D       		.byte	0x3d
 328 0240 07       		.uleb128 0x7
 329 0241 79080000 		.4byte	.LASF50
 330 0245 03       		.byte	0x3
 331 0246 57       		.byte	0x57
 332 0247 B1000000 		.4byte	0xb1
 333 024b 3E       		.byte	0x3e
 334 024c 07       		.uleb128 0x7
 335 024d 5B000000 		.4byte	.LASF51
 336 0251 03       		.byte	0x3
 337 0252 58       		.byte	0x58
 338 0253 B1000000 		.4byte	0xb1
 339 0257 3F       		.byte	0x3f
 340 0258 07       		.uleb128 0x7
 341 0259 B5060000 		.4byte	.LASF52
ARM GAS  C:\Users\Patron\AppData\Local\Temp\cciXWJUt.s 			page 7


 342 025d 03       		.byte	0x3
 343 025e 59       		.byte	0x59
 344 025f B1000000 		.4byte	0xb1
 345 0263 40       		.byte	0x40
 346 0264 07       		.uleb128 0x7
 347 0265 46030000 		.4byte	.LASF53
 348 0269 03       		.byte	0x3
 349 026a 5A       		.byte	0x5a
 350 026b B1000000 		.4byte	0xb1
 351 026f 41       		.byte	0x41
 352 0270 07       		.uleb128 0x7
 353 0271 F1040000 		.4byte	.LASF54
 354 0275 03       		.byte	0x3
 355 0276 5B       		.byte	0x5b
 356 0277 B1000000 		.4byte	0xb1
 357 027b 42       		.byte	0x42
 358 027c 07       		.uleb128 0x7
 359 027d 68060000 		.4byte	.LASF55
 360 0281 03       		.byte	0x3
 361 0282 5C       		.byte	0x5c
 362 0283 B1000000 		.4byte	0xb1
 363 0287 43       		.byte	0x43
 364 0288 07       		.uleb128 0x7
 365 0289 72020000 		.4byte	.LASF56
 366 028d 03       		.byte	0x3
 367 028e 5D       		.byte	0x5d
 368 028f B1000000 		.4byte	0xb1
 369 0293 44       		.byte	0x44
 370 0294 07       		.uleb128 0x7
 371 0295 00000000 		.4byte	.LASF57
 372 0299 03       		.byte	0x3
 373 029a 5E       		.byte	0x5e
 374 029b DD000000 		.4byte	0xdd
 375 029f 48       		.byte	0x48
 376 02a0 07       		.uleb128 0x7
 377 02a1 2D020000 		.4byte	.LASF58
 378 02a5 03       		.byte	0x3
 379 02a6 5F       		.byte	0x5f
 380 02a7 DD000000 		.4byte	0xdd
 381 02ab 4C       		.byte	0x4c
 382 02ac 07       		.uleb128 0x7
 383 02ad 210B0000 		.4byte	.LASF59
 384 02b1 03       		.byte	0x3
 385 02b2 60       		.byte	0x60
 386 02b3 B1000000 		.4byte	0xb1
 387 02b7 50       		.byte	0x50
 388 02b8 07       		.uleb128 0x7
 389 02b9 4B010000 		.4byte	.LASF60
 390 02bd 03       		.byte	0x3
 391 02be 61       		.byte	0x61
 392 02bf B1000000 		.4byte	0xb1
 393 02c3 51       		.byte	0x51
 394 02c4 07       		.uleb128 0x7
 395 02c5 75070000 		.4byte	.LASF61
 396 02c9 03       		.byte	0x3
 397 02ca 62       		.byte	0x62
 398 02cb B1000000 		.4byte	0xb1
ARM GAS  C:\Users\Patron\AppData\Local\Temp\cciXWJUt.s 			page 8


 399 02cf 52       		.byte	0x52
 400 02d0 07       		.uleb128 0x7
 401 02d1 DE0A0000 		.4byte	.LASF62
 402 02d5 03       		.byte	0x3
 403 02d6 63       		.byte	0x63
 404 02d7 B1000000 		.4byte	0xb1
 405 02db 53       		.byte	0x53
 406 02dc 07       		.uleb128 0x7
 407 02dd 87080000 		.4byte	.LASF63
 408 02e1 03       		.byte	0x3
 409 02e2 64       		.byte	0x64
 410 02e3 B1000000 		.4byte	0xb1
 411 02e7 54       		.byte	0x54
 412 02e8 07       		.uleb128 0x7
 413 02e9 5D010000 		.4byte	.LASF64
 414 02ed 03       		.byte	0x3
 415 02ee 65       		.byte	0x65
 416 02ef B1000000 		.4byte	0xb1
 417 02f3 55       		.byte	0x55
 418 02f4 07       		.uleb128 0x7
 419 02f5 2E090000 		.4byte	.LASF65
 420 02f9 03       		.byte	0x3
 421 02fa 66       		.byte	0x66
 422 02fb B1000000 		.4byte	0xb1
 423 02ff 56       		.byte	0x56
 424 0300 07       		.uleb128 0x7
 425 0301 6B040000 		.4byte	.LASF66
 426 0305 03       		.byte	0x3
 427 0306 67       		.byte	0x67
 428 0307 B1000000 		.4byte	0xb1
 429 030b 57       		.byte	0x57
 430 030c 07       		.uleb128 0x7
 431 030d 12000000 		.4byte	.LASF67
 432 0311 03       		.byte	0x3
 433 0312 68       		.byte	0x68
 434 0313 B1000000 		.4byte	0xb1
 435 0317 58       		.byte	0x58
 436 0318 07       		.uleb128 0x7
 437 0319 47080000 		.4byte	.LASF68
 438 031d 03       		.byte	0x3
 439 031e 69       		.byte	0x69
 440 031f B1000000 		.4byte	0xb1
 441 0323 59       		.byte	0x59
 442 0324 07       		.uleb128 0x7
 443 0325 E2050000 		.4byte	.LASF69
 444 0329 03       		.byte	0x3
 445 032a 6E       		.byte	0x6e
 446 032b C7000000 		.4byte	0xc7
 447 032f 5A       		.byte	0x5a
 448 0330 07       		.uleb128 0x7
 449 0331 55090000 		.4byte	.LASF70
 450 0335 03       		.byte	0x3
 451 0336 6F       		.byte	0x6f
 452 0337 C7000000 		.4byte	0xc7
 453 033b 5C       		.byte	0x5c
 454 033c 07       		.uleb128 0x7
 455 033d E1000000 		.4byte	.LASF71
ARM GAS  C:\Users\Patron\AppData\Local\Temp\cciXWJUt.s 			page 9


 456 0341 03       		.byte	0x3
 457 0342 70       		.byte	0x70
 458 0343 B1000000 		.4byte	0xb1
 459 0347 5E       		.byte	0x5e
 460 0348 07       		.uleb128 0x7
 461 0349 D6070000 		.4byte	.LASF72
 462 034d 03       		.byte	0x3
 463 034e 71       		.byte	0x71
 464 034f B1000000 		.4byte	0xb1
 465 0353 5F       		.byte	0x5f
 466 0354 07       		.uleb128 0x7
 467 0355 57060000 		.4byte	.LASF73
 468 0359 03       		.byte	0x3
 469 035a 72       		.byte	0x72
 470 035b B1000000 		.4byte	0xb1
 471 035f 60       		.byte	0x60
 472 0360 07       		.uleb128 0x7
 473 0361 AF070000 		.4byte	.LASF74
 474 0365 03       		.byte	0x3
 475 0366 73       		.byte	0x73
 476 0367 DD000000 		.4byte	0xdd
 477 036b 64       		.byte	0x64
 478 036c 07       		.uleb128 0x7
 479 036d 07010000 		.4byte	.LASF75
 480 0371 03       		.byte	0x3
 481 0372 76       		.byte	0x76
 482 0373 C7000000 		.4byte	0xc7
 483 0377 68       		.byte	0x68
 484 0378 07       		.uleb128 0x7
 485 0379 33040000 		.4byte	.LASF76
 486 037d 03       		.byte	0x3
 487 037e 77       		.byte	0x77
 488 037f C7000000 		.4byte	0xc7
 489 0383 6A       		.byte	0x6a
 490 0384 07       		.uleb128 0x7
 491 0385 7F040000 		.4byte	.LASF77
 492 0389 03       		.byte	0x3
 493 038a 78       		.byte	0x78
 494 038b C7000000 		.4byte	0xc7
 495 038f 6C       		.byte	0x6c
 496 0390 07       		.uleb128 0x7
 497 0391 AD040000 		.4byte	.LASF78
 498 0395 03       		.byte	0x3
 499 0396 79       		.byte	0x79
 500 0397 C7000000 		.4byte	0xc7
 501 039b 6E       		.byte	0x6e
 502 039c 07       		.uleb128 0x7
 503 039d 65080000 		.4byte	.LASF79
 504 03a1 03       		.byte	0x3
 505 03a2 7B       		.byte	0x7b
 506 03a3 B1000000 		.4byte	0xb1
 507 03a7 70       		.byte	0x70
 508 03a8 07       		.uleb128 0x7
 509 03a9 93010000 		.4byte	.LASF80
 510 03ad 03       		.byte	0x3
 511 03ae 7C       		.byte	0x7c
 512 03af B1000000 		.4byte	0xb1
ARM GAS  C:\Users\Patron\AppData\Local\Temp\cciXWJUt.s 			page 10


 513 03b3 71       		.byte	0x71
 514 03b4 07       		.uleb128 0x7
 515 03b5 C80A0000 		.4byte	.LASF81
 516 03b9 03       		.byte	0x3
 517 03ba 7D       		.byte	0x7d
 518 03bb B1000000 		.4byte	0xb1
 519 03bf 72       		.byte	0x72
 520 03c0 07       		.uleb128 0x7
 521 03c1 32060000 		.4byte	.LASF82
 522 03c5 03       		.byte	0x3
 523 03c6 7E       		.byte	0x7e
 524 03c7 B1000000 		.4byte	0xb1
 525 03cb 73       		.byte	0x73
 526 03cc 07       		.uleb128 0x7
 527 03cd C6020000 		.4byte	.LASF83
 528 03d1 03       		.byte	0x3
 529 03d2 80       		.byte	0x80
 530 03d3 C7000000 		.4byte	0xc7
 531 03d7 74       		.byte	0x74
 532 03d8 07       		.uleb128 0x7
 533 03d9 F4080000 		.4byte	.LASF84
 534 03dd 03       		.byte	0x3
 535 03de 81       		.byte	0x81
 536 03df C7000000 		.4byte	0xc7
 537 03e3 76       		.byte	0x76
 538 03e4 07       		.uleb128 0x7
 539 03e5 95020000 		.4byte	.LASF85
 540 03e9 03       		.byte	0x3
 541 03ea 82       		.byte	0x82
 542 03eb C7000000 		.4byte	0xc7
 543 03ef 78       		.byte	0x78
 544 03f0 07       		.uleb128 0x7
 545 03f1 88000000 		.4byte	.LASF86
 546 03f5 03       		.byte	0x3
 547 03f6 83       		.byte	0x83
 548 03f7 C7000000 		.4byte	0xc7
 549 03fb 7A       		.byte	0x7a
 550 03fc 07       		.uleb128 0x7
 551 03fd 730A0000 		.4byte	.LASF87
 552 0401 03       		.byte	0x3
 553 0402 86       		.byte	0x86
 554 0403 B1000000 		.4byte	0xb1
 555 0407 7C       		.byte	0x7c
 556 0408 07       		.uleb128 0x7
 557 0409 79090000 		.4byte	.LASF88
 558 040d 03       		.byte	0x3
 559 040e 87       		.byte	0x87
 560 040f B1000000 		.4byte	0xb1
 561 0413 7D       		.byte	0x7d
 562 0414 07       		.uleb128 0x7
 563 0415 26000000 		.4byte	.LASF89
 564 0419 03       		.byte	0x3
 565 041a 88       		.byte	0x88
 566 041b B1000000 		.4byte	0xb1
 567 041f 7E       		.byte	0x7e
 568 0420 07       		.uleb128 0x7
 569 0421 02030000 		.4byte	.LASF90
ARM GAS  C:\Users\Patron\AppData\Local\Temp\cciXWJUt.s 			page 11


 570 0425 03       		.byte	0x3
 571 0426 89       		.byte	0x89
 572 0427 B1000000 		.4byte	0xb1
 573 042b 7F       		.byte	0x7f
 574 042c 07       		.uleb128 0x7
 575 042d B6030000 		.4byte	.LASF91
 576 0431 03       		.byte	0x3
 577 0432 8A       		.byte	0x8a
 578 0433 B1000000 		.4byte	0xb1
 579 0437 80       		.byte	0x80
 580 0438 07       		.uleb128 0x7
 581 0439 28050000 		.4byte	.LASF92
 582 043d 03       		.byte	0x3
 583 043e 8D       		.byte	0x8d
 584 043f DD000000 		.4byte	0xdd
 585 0443 84       		.byte	0x84
 586 0444 07       		.uleb128 0x7
 587 0445 04020000 		.4byte	.LASF93
 588 0449 03       		.byte	0x3
 589 044a 8E       		.byte	0x8e
 590 044b DD000000 		.4byte	0xdd
 591 044f 88       		.byte	0x88
 592 0450 07       		.uleb128 0x7
 593 0451 5E0A0000 		.4byte	.LASF94
 594 0455 03       		.byte	0x3
 595 0456 8F       		.byte	0x8f
 596 0457 DD000000 		.4byte	0xdd
 597 045b 8C       		.byte	0x8c
 598 045c 07       		.uleb128 0x7
 599 045d 7B050000 		.4byte	.LASF95
 600 0461 03       		.byte	0x3
 601 0462 90       		.byte	0x90
 602 0463 DD000000 		.4byte	0xdd
 603 0467 90       		.byte	0x90
 604 0468 07       		.uleb128 0x7
 605 0469 77030000 		.4byte	.LASF96
 606 046d 03       		.byte	0x3
 607 046e 91       		.byte	0x91
 608 046f DD000000 		.4byte	0xdd
 609 0473 94       		.byte	0x94
 610 0474 07       		.uleb128 0x7
 611 0475 12050000 		.4byte	.LASF97
 612 0479 03       		.byte	0x3
 613 047a 92       		.byte	0x92
 614 047b DD000000 		.4byte	0xdd
 615 047f 98       		.byte	0x98
 616 0480 07       		.uleb128 0x7
 617 0481 880A0000 		.4byte	.LASF98
 618 0485 03       		.byte	0x3
 619 0486 93       		.byte	0x93
 620 0487 DD000000 		.4byte	0xdd
 621 048b 9C       		.byte	0x9c
 622 048c 07       		.uleb128 0x7
 623 048d 17010000 		.4byte	.LASF99
 624 0491 03       		.byte	0x3
 625 0492 94       		.byte	0x94
 626 0493 DD000000 		.4byte	0xdd
ARM GAS  C:\Users\Patron\AppData\Local\Temp\cciXWJUt.s 			page 12


 627 0497 A0       		.byte	0xa0
 628 0498 07       		.uleb128 0x7
 629 0499 BC010000 		.4byte	.LASF100
 630 049d 03       		.byte	0x3
 631 049e 95       		.byte	0x95
 632 049f C7000000 		.4byte	0xc7
 633 04a3 A4       		.byte	0xa4
 634 04a4 07       		.uleb128 0x7
 635 04a5 FD040000 		.4byte	.LASF101
 636 04a9 03       		.byte	0x3
 637 04aa 96       		.byte	0x96
 638 04ab C7000000 		.4byte	0xc7
 639 04af A6       		.byte	0xa6
 640 04b0 07       		.uleb128 0x7
 641 04b1 CA070000 		.4byte	.LASF102
 642 04b5 03       		.byte	0x3
 643 04b6 97       		.byte	0x97
 644 04b7 C7000000 		.4byte	0xc7
 645 04bb A8       		.byte	0xa8
 646 04bc 07       		.uleb128 0x7
 647 04bd C2080000 		.4byte	.LASF103
 648 04c1 03       		.byte	0x3
 649 04c2 98       		.byte	0x98
 650 04c3 C7000000 		.4byte	0xc7
 651 04c7 AA       		.byte	0xaa
 652 04c8 07       		.uleb128 0x7
 653 04c9 8E040000 		.4byte	.LASF104
 654 04cd 03       		.byte	0x3
 655 04ce 99       		.byte	0x99
 656 04cf C7000000 		.4byte	0xc7
 657 04d3 AC       		.byte	0xac
 658 04d4 07       		.uleb128 0x7
 659 04d5 49060000 		.4byte	.LASF105
 660 04d9 03       		.byte	0x3
 661 04da 9A       		.byte	0x9a
 662 04db C7000000 		.4byte	0xc7
 663 04df AE       		.byte	0xae
 664 04e0 07       		.uleb128 0x7
 665 04e1 5E090000 		.4byte	.LASF106
 666 04e5 03       		.byte	0x3
 667 04e6 9D       		.byte	0x9d
 668 04e7 C7000000 		.4byte	0xc7
 669 04eb B0       		.byte	0xb0
 670 04ec 07       		.uleb128 0x7
 671 04ed 39000000 		.4byte	.LASF107
 672 04f1 03       		.byte	0x3
 673 04f2 9E       		.byte	0x9e
 674 04f3 DD000000 		.4byte	0xdd
 675 04f7 B4       		.byte	0xb4
 676 04f8 00       		.byte	0
 677 04f9 04       		.uleb128 0x4
 678 04fa C6040000 		.4byte	.LASF108
 679 04fe 03       		.byte	0x3
 680 04ff 9F       		.byte	0x9f
 681 0500 E8000000 		.4byte	0xe8
 682 0504 03       		.uleb128 0x3
 683 0505 04       		.byte	0x4
ARM GAS  C:\Users\Patron\AppData\Local\Temp\cciXWJUt.s 			page 13


 684 0506 04       		.byte	0x4
 685 0507 A9070000 		.4byte	.LASF109
 686 050b 03       		.uleb128 0x3
 687 050c 08       		.byte	0x8
 688 050d 04       		.byte	0x4
 689 050e 8E020000 		.4byte	.LASF110
 690 0512 08       		.uleb128 0x8
 691 0513 02       		.byte	0x2
 692 0514 04       		.byte	0x4
 693 0515 6001     		.2byte	0x160
 694 0517 36050000 		.4byte	0x536
 695 051b 09       		.uleb128 0x9
 696 051c 9E0A0000 		.4byte	.LASF111
 697 0520 04       		.byte	0x4
 698 0521 6A01     		.2byte	0x16a
 699 0523 B1000000 		.4byte	0xb1
 700 0527 00       		.byte	0
 701 0528 09       		.uleb128 0x9
 702 0529 3F050000 		.4byte	.LASF112
 703 052d 04       		.byte	0x4
 704 052e 6E01     		.2byte	0x16e
 705 0530 B1000000 		.4byte	0xb1
 706 0534 01       		.byte	0x1
 707 0535 00       		.byte	0
 708 0536 0A       		.uleb128 0xa
 709 0537 9D000000 		.4byte	.LASF113
 710 053b 04       		.byte	0x4
 711 053c 7001     		.2byte	0x170
 712 053e 12050000 		.4byte	0x512
 713 0542 0A       		.uleb128 0xa
 714 0543 52050000 		.4byte	.LASF114
 715 0547 05       		.byte	0x5
 716 0548 7F01     		.2byte	0x17f
 717 054a C7000000 		.4byte	0xc7
 718 054e 0B       		.uleb128 0xb
 719 054f 01       		.byte	0x1
 720 0550 4B000000 		.4byte	0x4b
 721 0554 06       		.byte	0x6
 722 0555 75       		.byte	0x75
 723 0556 73050000 		.4byte	0x573
 724 055a 0C       		.uleb128 0xc
 725 055b 2C030000 		.4byte	.LASF115
 726 055f 00       		.byte	0
 727 0560 0C       		.uleb128 0xc
 728 0561 B6000000 		.4byte	.LASF116
 729 0565 01       		.byte	0x1
 730 0566 0C       		.uleb128 0xc
 731 0567 D6040000 		.4byte	.LASF117
 732 056b 02       		.byte	0x2
 733 056c 0C       		.uleb128 0xc
 734 056d 90050000 		.4byte	.LASF118
 735 0571 03       		.byte	0x3
 736 0572 00       		.byte	0
 737 0573 04       		.uleb128 0x4
 738 0574 60030000 		.4byte	.LASF119
 739 0578 06       		.byte	0x6
 740 0579 7A       		.byte	0x7a
ARM GAS  C:\Users\Patron\AppData\Local\Temp\cciXWJUt.s 			page 14


 741 057a 4E050000 		.4byte	0x54e
 742 057e 0B       		.uleb128 0xb
 743 057f 01       		.byte	0x1
 744 0580 4B000000 		.4byte	0x4b
 745 0584 06       		.byte	0x6
 746 0585 7E       		.byte	0x7e
 747 0586 A3050000 		.4byte	0x5a3
 748 058a 0C       		.uleb128 0xc
 749 058b 3D0A0000 		.4byte	.LASF120
 750 058f 00       		.byte	0
 751 0590 0C       		.uleb128 0xc
 752 0591 13060000 		.4byte	.LASF121
 753 0595 01       		.byte	0x1
 754 0596 0C       		.uleb128 0xc
 755 0597 200A0000 		.4byte	.LASF122
 756 059b 02       		.byte	0x2
 757 059c 0C       		.uleb128 0xc
 758 059d D1010000 		.4byte	.LASF123
 759 05a1 03       		.byte	0x3
 760 05a2 00       		.byte	0
 761 05a3 04       		.uleb128 0x4
 762 05a4 3B020000 		.4byte	.LASF124
 763 05a8 06       		.byte	0x6
 764 05a9 83       		.byte	0x83
 765 05aa 7E050000 		.4byte	0x57e
 766 05ae 0B       		.uleb128 0xb
 767 05af 01       		.byte	0x1
 768 05b0 4B000000 		.4byte	0x4b
 769 05b4 06       		.byte	0x6
 770 05b5 87       		.byte	0x87
 771 05b6 EB050000 		.4byte	0x5eb
 772 05ba 0C       		.uleb128 0xc
 773 05bb 98090000 		.4byte	.LASF125
 774 05bf 00       		.byte	0
 775 05c0 0C       		.uleb128 0xc
 776 05c1 F00A0000 		.4byte	.LASF126
 777 05c5 01       		.byte	0x1
 778 05c6 0C       		.uleb128 0xc
 779 05c7 E3030000 		.4byte	.LASF127
 780 05cb 02       		.byte	0x2
 781 05cc 0C       		.uleb128 0xc
 782 05cd 8C030000 		.4byte	.LASF128
 783 05d1 03       		.byte	0x3
 784 05d2 0C       		.uleb128 0xc
 785 05d3 D8020000 		.4byte	.LASF129
 786 05d7 04       		.byte	0x4
 787 05d8 0C       		.uleb128 0xc
 788 05d9 F4070000 		.4byte	.LASF130
 789 05dd 05       		.byte	0x5
 790 05de 0C       		.uleb128 0xc
 791 05df FF030000 		.4byte	.LASF131
 792 05e3 06       		.byte	0x6
 793 05e4 0C       		.uleb128 0xc
 794 05e5 85070000 		.4byte	.LASF132
 795 05e9 07       		.byte	0x7
 796 05ea 00       		.byte	0
 797 05eb 04       		.uleb128 0x4
ARM GAS  C:\Users\Patron\AppData\Local\Temp\cciXWJUt.s 			page 15


 798 05ec 73060000 		.4byte	.LASF133
 799 05f0 06       		.byte	0x6
 800 05f1 90       		.byte	0x90
 801 05f2 AE050000 		.4byte	0x5ae
 802 05f6 04       		.uleb128 0x4
 803 05f7 1B020000 		.4byte	.LASF134
 804 05fb 07       		.byte	0x7
 805 05fc 40       		.byte	0x40
 806 05fd 01060000 		.4byte	0x601
 807 0601 0D       		.uleb128 0xd
 808 0602 04       		.byte	0x4
 809 0603 07060000 		.4byte	0x607
 810 0607 0E       		.uleb128 0xe
 811 0608 17060000 		.4byte	0x617
 812 060c 0F       		.uleb128 0xf
 813 060d DD000000 		.4byte	0xdd
 814 0611 0F       		.uleb128 0xf
 815 0612 A8000000 		.4byte	0xa8
 816 0616 00       		.byte	0
 817 0617 03       		.uleb128 0x3
 818 0618 01       		.byte	0x1
 819 0619 02       		.byte	0x2
 820 061a 2B080000 		.4byte	.LASF135
 821 061e 06       		.uleb128 0x6
 822 061f 04       		.byte	0x4
 823 0620 08       		.byte	0x8
 824 0621 30       		.byte	0x30
 825 0622 3F060000 		.4byte	0x63f
 826 0626 07       		.uleb128 0x7
 827 0627 8A090000 		.4byte	.LASF136
 828 062b 08       		.byte	0x8
 829 062c 32       		.byte	0x32
 830 062d 42050000 		.4byte	0x542
 831 0631 00       		.byte	0
 832 0632 07       		.uleb128 0x7
 833 0633 ED050000 		.4byte	.LASF137
 834 0637 08       		.byte	0x8
 835 0638 33       		.byte	0x33
 836 0639 42050000 		.4byte	0x542
 837 063d 02       		.byte	0x2
 838 063e 00       		.byte	0
 839 063f 04       		.uleb128 0x4
 840 0640 8A060000 		.4byte	.LASF138
 841 0644 08       		.byte	0x8
 842 0645 34       		.byte	0x34
 843 0646 1E060000 		.4byte	0x61e
 844 064a 06       		.uleb128 0x6
 845 064b 08       		.byte	0x8
 846 064c 08       		.byte	0x8
 847 064d 46       		.byte	0x46
 848 064e 6B060000 		.4byte	0x66b
 849 0652 07       		.uleb128 0x7
 850 0653 A0080000 		.4byte	.LASF139
 851 0657 08       		.byte	0x8
 852 0658 49       		.byte	0x49
 853 0659 6B060000 		.4byte	0x66b
 854 065d 00       		.byte	0
ARM GAS  C:\Users\Patron\AppData\Local\Temp\cciXWJUt.s 			page 16


 855 065e 07       		.uleb128 0x7
 856 065f 1E080000 		.4byte	.LASF140
 857 0663 08       		.byte	0x8
 858 0664 4C       		.byte	0x4c
 859 0665 F6050000 		.4byte	0x5f6
 860 0669 04       		.byte	0x4
 861 066a 00       		.byte	0
 862 066b 0D       		.uleb128 0xd
 863 066c 04       		.byte	0x4
 864 066d 71060000 		.4byte	0x671
 865 0671 10       		.uleb128 0x10
 866 0672 3F060000 		.4byte	0x63f
 867 0676 04       		.uleb128 0x4
 868 0677 5A020000 		.4byte	.LASF141
 869 067b 08       		.byte	0x8
 870 067c 4D       		.byte	0x4d
 871 067d 4A060000 		.4byte	0x64a
 872 0681 11       		.uleb128 0x11
 873 0682 C0070000 		.4byte	.LASF142
 874 0686 03       		.byte	0x3
 875 0687 A7       		.byte	0xa7
 876 0688 8C060000 		.4byte	0x68c
 877 068c 0D       		.uleb128 0xd
 878 068d 04       		.byte	0x4
 879 068e 92060000 		.4byte	0x692
 880 0692 10       		.uleb128 0x10
 881 0693 F9040000 		.4byte	0x4f9
 882 0697 12       		.uleb128 0x12
 883 0698 2D010000 		.4byte	.LASF143
 884 069c 09       		.byte	0x9
 885 069d F907     		.2byte	0x7f9
 886 069f A3060000 		.4byte	0x6a3
 887 06a3 13       		.uleb128 0x13
 888 06a4 D2000000 		.4byte	0xd2
 889 06a8 12       		.uleb128 0x12
 890 06a9 11090000 		.4byte	.LASF144
 891 06ad 06       		.byte	0x6
 892 06ae 2202     		.2byte	0x222
 893 06b0 A3050000 		.4byte	0x5a3
 894 06b4 12       		.uleb128 0x12
 895 06b5 3A010000 		.4byte	.LASF145
 896 06b9 06       		.byte	0x6
 897 06ba 2702     		.2byte	0x227
 898 06bc 73050000 		.4byte	0x573
 899 06c0 14       		.uleb128 0x14
 900 06c1 36050000 		.4byte	0x536
 901 06c5 D0060000 		.4byte	0x6d0
 902 06c9 15       		.uleb128 0x15
 903 06ca A1000000 		.4byte	0xa1
 904 06ce 01       		.byte	0x1
 905 06cf 00       		.byte	0
 906 06d0 12       		.uleb128 0x12
 907 06d1 B7090000 		.4byte	.LASF146
 908 06d5 06       		.byte	0x6
 909 06d6 2C02     		.2byte	0x22c
 910 06d8 C0060000 		.4byte	0x6c0
 911 06dc 14       		.uleb128 0x14
ARM GAS  C:\Users\Patron\AppData\Local\Temp\cciXWJUt.s 			page 17


 912 06dd EB050000 		.4byte	0x5eb
 913 06e1 EC060000 		.4byte	0x6ec
 914 06e5 15       		.uleb128 0x15
 915 06e6 A1000000 		.4byte	0xa1
 916 06ea 01       		.byte	0x1
 917 06eb 00       		.byte	0
 918 06ec 12       		.uleb128 0x12
 919 06ed 9C040000 		.4byte	.LASF147
 920 06f1 06       		.byte	0x6
 921 06f2 2D02     		.2byte	0x22d
 922 06f4 DC060000 		.4byte	0x6dc
 923 06f8 12       		.uleb128 0x12
 924 06f9 DB080000 		.4byte	.LASF148
 925 06fd 06       		.byte	0x6
 926 06fe 5202     		.2byte	0x252
 927 0700 B1000000 		.4byte	0xb1
 928 0704 16       		.uleb128 0x16
 929 0705 B5020000 		.4byte	.LASF149
 930 0709 0A       		.byte	0xa
 931 070a 1D       		.byte	0x1d
 932 070b 76060000 		.4byte	0x676
 933 070f 05       		.uleb128 0x5
 934 0710 03       		.byte	0x3
 935 0711 00000000 		.4byte	cy_ble_iasConfig
 936 0715 00       		.byte	0
 937              		.section	.debug_abbrev,"",%progbits
 938              	.Ldebug_abbrev0:
 939 0000 01       		.uleb128 0x1
 940 0001 11       		.uleb128 0x11
 941 0002 01       		.byte	0x1
 942 0003 25       		.uleb128 0x25
 943 0004 0E       		.uleb128 0xe
 944 0005 13       		.uleb128 0x13
 945 0006 0B       		.uleb128 0xb
 946 0007 03       		.uleb128 0x3
 947 0008 0E       		.uleb128 0xe
 948 0009 1B       		.uleb128 0x1b
 949 000a 0E       		.uleb128 0xe
 950 000b 10       		.uleb128 0x10
 951 000c 17       		.uleb128 0x17
 952 000d 00       		.byte	0
 953 000e 00       		.byte	0
 954 000f 02       		.uleb128 0x2
 955 0010 24       		.uleb128 0x24
 956 0011 00       		.byte	0
 957 0012 0B       		.uleb128 0xb
 958 0013 0B       		.uleb128 0xb
 959 0014 3E       		.uleb128 0x3e
 960 0015 0B       		.uleb128 0xb
 961 0016 03       		.uleb128 0x3
 962 0017 08       		.uleb128 0x8
 963 0018 00       		.byte	0
 964 0019 00       		.byte	0
 965 001a 03       		.uleb128 0x3
 966 001b 24       		.uleb128 0x24
 967 001c 00       		.byte	0
 968 001d 0B       		.uleb128 0xb
ARM GAS  C:\Users\Patron\AppData\Local\Temp\cciXWJUt.s 			page 18


 969 001e 0B       		.uleb128 0xb
 970 001f 3E       		.uleb128 0x3e
 971 0020 0B       		.uleb128 0xb
 972 0021 03       		.uleb128 0x3
 973 0022 0E       		.uleb128 0xe
 974 0023 00       		.byte	0
 975 0024 00       		.byte	0
 976 0025 04       		.uleb128 0x4
 977 0026 16       		.uleb128 0x16
 978 0027 00       		.byte	0
 979 0028 03       		.uleb128 0x3
 980 0029 0E       		.uleb128 0xe
 981 002a 3A       		.uleb128 0x3a
 982 002b 0B       		.uleb128 0xb
 983 002c 3B       		.uleb128 0x3b
 984 002d 0B       		.uleb128 0xb
 985 002e 49       		.uleb128 0x49
 986 002f 13       		.uleb128 0x13
 987 0030 00       		.byte	0
 988 0031 00       		.byte	0
 989 0032 05       		.uleb128 0x5
 990 0033 0F       		.uleb128 0xf
 991 0034 00       		.byte	0
 992 0035 0B       		.uleb128 0xb
 993 0036 0B       		.uleb128 0xb
 994 0037 00       		.byte	0
 995 0038 00       		.byte	0
 996 0039 06       		.uleb128 0x6
 997 003a 13       		.uleb128 0x13
 998 003b 01       		.byte	0x1
 999 003c 0B       		.uleb128 0xb
 1000 003d 0B       		.uleb128 0xb
 1001 003e 3A       		.uleb128 0x3a
 1002 003f 0B       		.uleb128 0xb
 1003 0040 3B       		.uleb128 0x3b
 1004 0041 0B       		.uleb128 0xb
 1005 0042 01       		.uleb128 0x1
 1006 0043 13       		.uleb128 0x13
 1007 0044 00       		.byte	0
 1008 0045 00       		.byte	0
 1009 0046 07       		.uleb128 0x7
 1010 0047 0D       		.uleb128 0xd
 1011 0048 00       		.byte	0
 1012 0049 03       		.uleb128 0x3
 1013 004a 0E       		.uleb128 0xe
 1014 004b 3A       		.uleb128 0x3a
 1015 004c 0B       		.uleb128 0xb
 1016 004d 3B       		.uleb128 0x3b
 1017 004e 0B       		.uleb128 0xb
 1018 004f 49       		.uleb128 0x49
 1019 0050 13       		.uleb128 0x13
 1020 0051 38       		.uleb128 0x38
 1021 0052 0B       		.uleb128 0xb
 1022 0053 00       		.byte	0
 1023 0054 00       		.byte	0
 1024 0055 08       		.uleb128 0x8
 1025 0056 13       		.uleb128 0x13
ARM GAS  C:\Users\Patron\AppData\Local\Temp\cciXWJUt.s 			page 19


 1026 0057 01       		.byte	0x1
 1027 0058 0B       		.uleb128 0xb
 1028 0059 0B       		.uleb128 0xb
 1029 005a 3A       		.uleb128 0x3a
 1030 005b 0B       		.uleb128 0xb
 1031 005c 3B       		.uleb128 0x3b
 1032 005d 05       		.uleb128 0x5
 1033 005e 01       		.uleb128 0x1
 1034 005f 13       		.uleb128 0x13
 1035 0060 00       		.byte	0
 1036 0061 00       		.byte	0
 1037 0062 09       		.uleb128 0x9
 1038 0063 0D       		.uleb128 0xd
 1039 0064 00       		.byte	0
 1040 0065 03       		.uleb128 0x3
 1041 0066 0E       		.uleb128 0xe
 1042 0067 3A       		.uleb128 0x3a
 1043 0068 0B       		.uleb128 0xb
 1044 0069 3B       		.uleb128 0x3b
 1045 006a 05       		.uleb128 0x5
 1046 006b 49       		.uleb128 0x49
 1047 006c 13       		.uleb128 0x13
 1048 006d 38       		.uleb128 0x38
 1049 006e 0B       		.uleb128 0xb
 1050 006f 00       		.byte	0
 1051 0070 00       		.byte	0
 1052 0071 0A       		.uleb128 0xa
 1053 0072 16       		.uleb128 0x16
 1054 0073 00       		.byte	0
 1055 0074 03       		.uleb128 0x3
 1056 0075 0E       		.uleb128 0xe
 1057 0076 3A       		.uleb128 0x3a
 1058 0077 0B       		.uleb128 0xb
 1059 0078 3B       		.uleb128 0x3b
 1060 0079 05       		.uleb128 0x5
 1061 007a 49       		.uleb128 0x49
 1062 007b 13       		.uleb128 0x13
 1063 007c 00       		.byte	0
 1064 007d 00       		.byte	0
 1065 007e 0B       		.uleb128 0xb
 1066 007f 04       		.uleb128 0x4
 1067 0080 01       		.byte	0x1
 1068 0081 0B       		.uleb128 0xb
 1069 0082 0B       		.uleb128 0xb
 1070 0083 49       		.uleb128 0x49
 1071 0084 13       		.uleb128 0x13
 1072 0085 3A       		.uleb128 0x3a
 1073 0086 0B       		.uleb128 0xb
 1074 0087 3B       		.uleb128 0x3b
 1075 0088 0B       		.uleb128 0xb
 1076 0089 01       		.uleb128 0x1
 1077 008a 13       		.uleb128 0x13
 1078 008b 00       		.byte	0
 1079 008c 00       		.byte	0
 1080 008d 0C       		.uleb128 0xc
 1081 008e 28       		.uleb128 0x28
 1082 008f 00       		.byte	0
ARM GAS  C:\Users\Patron\AppData\Local\Temp\cciXWJUt.s 			page 20


 1083 0090 03       		.uleb128 0x3
 1084 0091 0E       		.uleb128 0xe
 1085 0092 1C       		.uleb128 0x1c
 1086 0093 0B       		.uleb128 0xb
 1087 0094 00       		.byte	0
 1088 0095 00       		.byte	0
 1089 0096 0D       		.uleb128 0xd
 1090 0097 0F       		.uleb128 0xf
 1091 0098 00       		.byte	0
 1092 0099 0B       		.uleb128 0xb
 1093 009a 0B       		.uleb128 0xb
 1094 009b 49       		.uleb128 0x49
 1095 009c 13       		.uleb128 0x13
 1096 009d 00       		.byte	0
 1097 009e 00       		.byte	0
 1098 009f 0E       		.uleb128 0xe
 1099 00a0 15       		.uleb128 0x15
 1100 00a1 01       		.byte	0x1
 1101 00a2 27       		.uleb128 0x27
 1102 00a3 19       		.uleb128 0x19
 1103 00a4 01       		.uleb128 0x1
 1104 00a5 13       		.uleb128 0x13
 1105 00a6 00       		.byte	0
 1106 00a7 00       		.byte	0
 1107 00a8 0F       		.uleb128 0xf
 1108 00a9 05       		.uleb128 0x5
 1109 00aa 00       		.byte	0
 1110 00ab 49       		.uleb128 0x49
 1111 00ac 13       		.uleb128 0x13
 1112 00ad 00       		.byte	0
 1113 00ae 00       		.byte	0
 1114 00af 10       		.uleb128 0x10
 1115 00b0 26       		.uleb128 0x26
 1116 00b1 00       		.byte	0
 1117 00b2 49       		.uleb128 0x49
 1118 00b3 13       		.uleb128 0x13
 1119 00b4 00       		.byte	0
 1120 00b5 00       		.byte	0
 1121 00b6 11       		.uleb128 0x11
 1122 00b7 34       		.uleb128 0x34
 1123 00b8 00       		.byte	0
 1124 00b9 03       		.uleb128 0x3
 1125 00ba 0E       		.uleb128 0xe
 1126 00bb 3A       		.uleb128 0x3a
 1127 00bc 0B       		.uleb128 0xb
 1128 00bd 3B       		.uleb128 0x3b
 1129 00be 0B       		.uleb128 0xb
 1130 00bf 49       		.uleb128 0x49
 1131 00c0 13       		.uleb128 0x13
 1132 00c1 3F       		.uleb128 0x3f
 1133 00c2 19       		.uleb128 0x19
 1134 00c3 3C       		.uleb128 0x3c
 1135 00c4 19       		.uleb128 0x19
 1136 00c5 00       		.byte	0
 1137 00c6 00       		.byte	0
 1138 00c7 12       		.uleb128 0x12
 1139 00c8 34       		.uleb128 0x34
ARM GAS  C:\Users\Patron\AppData\Local\Temp\cciXWJUt.s 			page 21


 1140 00c9 00       		.byte	0
 1141 00ca 03       		.uleb128 0x3
 1142 00cb 0E       		.uleb128 0xe
 1143 00cc 3A       		.uleb128 0x3a
 1144 00cd 0B       		.uleb128 0xb
 1145 00ce 3B       		.uleb128 0x3b
 1146 00cf 05       		.uleb128 0x5
 1147 00d0 49       		.uleb128 0x49
 1148 00d1 13       		.uleb128 0x13
 1149 00d2 3F       		.uleb128 0x3f
 1150 00d3 19       		.uleb128 0x19
 1151 00d4 3C       		.uleb128 0x3c
 1152 00d5 19       		.uleb128 0x19
 1153 00d6 00       		.byte	0
 1154 00d7 00       		.byte	0
 1155 00d8 13       		.uleb128 0x13
 1156 00d9 35       		.uleb128 0x35
 1157 00da 00       		.byte	0
 1158 00db 49       		.uleb128 0x49
 1159 00dc 13       		.uleb128 0x13
 1160 00dd 00       		.byte	0
 1161 00de 00       		.byte	0
 1162 00df 14       		.uleb128 0x14
 1163 00e0 01       		.uleb128 0x1
 1164 00e1 01       		.byte	0x1
 1165 00e2 49       		.uleb128 0x49
 1166 00e3 13       		.uleb128 0x13
 1167 00e4 01       		.uleb128 0x1
 1168 00e5 13       		.uleb128 0x13
 1169 00e6 00       		.byte	0
 1170 00e7 00       		.byte	0
 1171 00e8 15       		.uleb128 0x15
 1172 00e9 21       		.uleb128 0x21
 1173 00ea 00       		.byte	0
 1174 00eb 49       		.uleb128 0x49
 1175 00ec 13       		.uleb128 0x13
 1176 00ed 2F       		.uleb128 0x2f
 1177 00ee 0B       		.uleb128 0xb
 1178 00ef 00       		.byte	0
 1179 00f0 00       		.byte	0
 1180 00f1 16       		.uleb128 0x16
 1181 00f2 34       		.uleb128 0x34
 1182 00f3 00       		.byte	0
 1183 00f4 03       		.uleb128 0x3
 1184 00f5 0E       		.uleb128 0xe
 1185 00f6 3A       		.uleb128 0x3a
 1186 00f7 0B       		.uleb128 0xb
 1187 00f8 3B       		.uleb128 0x3b
 1188 00f9 0B       		.uleb128 0xb
 1189 00fa 49       		.uleb128 0x49
 1190 00fb 13       		.uleb128 0x13
 1191 00fc 3F       		.uleb128 0x3f
 1192 00fd 19       		.uleb128 0x19
 1193 00fe 02       		.uleb128 0x2
 1194 00ff 18       		.uleb128 0x18
 1195 0100 00       		.byte	0
 1196 0101 00       		.byte	0
ARM GAS  C:\Users\Patron\AppData\Local\Temp\cciXWJUt.s 			page 22


 1197 0102 00       		.byte	0
 1198              		.section	.debug_aranges,"",%progbits
 1199 0000 14000000 		.4byte	0x14
 1200 0004 0200     		.2byte	0x2
 1201 0006 00000000 		.4byte	.Ldebug_info0
 1202 000a 04       		.byte	0x4
 1203 000b 00       		.byte	0
 1204 000c 0000     		.2byte	0
 1205 000e 0000     		.2byte	0
 1206 0010 00000000 		.4byte	0
 1207 0014 00000000 		.4byte	0
 1208              		.section	.debug_line,"",%progbits
 1209              	.Ldebug_line0:
 1210 0000 39020000 		.section	.debug_str,"MS",%progbits,1
 1210      02003302 
 1210      00000201 
 1210      FB0E0D00 
 1210      01010101 
 1211              	.LASF57:
 1212 0000 70726F74 		.ascii	"protBusMasterMask\000"
 1212      4275734D 
 1212      61737465 
 1212      724D6173 
 1212      6B00
 1213              	.LASF67:
 1214 0012 666C6173 		.ascii	"flashCtlMainWs3Freq\000"
 1214      6843746C 
 1214      4D61696E 
 1214      57733346 
 1214      72657100 
 1215              	.LASF89:
 1216 0026 6770696F 		.ascii	"gpioPrtCfgInOffset\000"
 1216      50727443 
 1216      6667496E 
 1216      4F666673 
 1216      657400
 1217              	.LASF107:
 1218 0039 6970634C 		.ascii	"ipcLockStatusOffset\000"
 1218      6F636B53 
 1218      74617475 
 1218      734F6666 
 1218      73657400 
 1219              	.LASF33:
 1220 004d 63727970 		.ascii	"cryptoVersion\000"
 1220      746F5665 
 1220      7273696F 
 1220      6E00
 1221              	.LASF51:
 1222 005b 70657269 		.ascii	"periClockNr\000"
 1222      436C6F63 
 1222      6B4E7200 
 1223              	.LASF29:
 1224 0067 70617373 		.ascii	"passBase\000"
 1224      42617365 
 1224      00
 1225              	.LASF42:
 1226 0070 63707573 		.ascii	"cpussIpcIrqNr\000"
ARM GAS  C:\Users\Patron\AppData\Local\Temp\cciXWJUt.s 			page 23


 1226      73497063 
 1226      4972714E 
 1226      7200
 1227              	.LASF5:
 1228 007e 5F5F7569 		.ascii	"__uint8_t\000"
 1228      6E74385F 
 1228      7400
 1229              	.LASF86:
 1230 0088 70657269 		.ascii	"periDiv24_5CtlOffset\000"
 1230      44697632 
 1230      345F3543 
 1230      746C4F66 
 1230      66736574 
 1231              	.LASF113:
 1232 009d 63795F73 		.ascii	"cy_stc_ble_conn_handle_t\000"
 1232      74635F62 
 1232      6C655F63 
 1232      6F6E6E5F 
 1232      68616E64 
 1233              	.LASF116:
 1234 00b6 43595F42 		.ascii	"CY_BLE_SCAN_STATE_SCAN_INITIATED\000"
 1234      4C455F53 
 1234      43414E5F 
 1234      53544154 
 1234      455F5343 
 1235              	.LASF22:
 1236 00d7 63707573 		.ascii	"cpussBase\000"
 1236      73426173 
 1236      6500
 1237              	.LASF71:
 1238 00e1 64774368 		.ascii	"dwChCtlPrioPos\000"
 1238      43746C50 
 1238      72696F50 
 1238      6F7300
 1239              	.LASF14:
 1240 00f0 6C6F6E67 		.ascii	"long long unsigned int\000"
 1240      206C6F6E 
 1240      6720756E 
 1240      7369676E 
 1240      65642069 
 1241              	.LASF75:
 1242 0107 70657269 		.ascii	"periTrCmdOffset\000"
 1242      5472436D 
 1242      644F6666 
 1242      73657400 
 1243              	.LASF99:
 1244 0117 63707573 		.ascii	"cpussSysTickCtlOffset\000"
 1244      73537973 
 1244      5469636B 
 1244      43746C4F 
 1244      66667365 
 1245              	.LASF143:
 1246 012d 49544D5F 		.ascii	"ITM_RxBuffer\000"
 1246      52784275 
 1246      66666572 
 1246      00
 1247              	.LASF145:
ARM GAS  C:\Users\Patron\AppData\Local\Temp\cciXWJUt.s 			page 24


 1248 013a 63795F62 		.ascii	"cy_ble_scanState\000"
 1248      6C655F73 
 1248      63616E53 
 1248      74617465 
 1248      00
 1249              	.LASF60:
 1250 014b 666C6173 		.ascii	"flashPipeRequired\000"
 1250      68506970 
 1250      65526571 
 1250      75697265 
 1250      6400
 1251              	.LASF64:
 1252 015d 666C6173 		.ascii	"flashCtlMainWs0Freq\000"
 1252      6843746C 
 1252      4D61696E 
 1252      57733046 
 1252      72657100 
 1253              	.LASF18:
 1254 0171 696E7431 		.ascii	"int16_t\000"
 1254      365F7400 
 1255              	.LASF1:
 1256 0179 6C6F6E67 		.ascii	"long long int\000"
 1256      206C6F6E 
 1256      6720696E 
 1256      7400
 1257              	.LASF3:
 1258 0187 7369676E 		.ascii	"signed char\000"
 1258      65642063 
 1258      68617200 
 1259              	.LASF80:
 1260 0193 70657269 		.ascii	"periDivCmdTypeSelPos\000"
 1260      44697643 
 1260      6D645479 
 1260      70655365 
 1260      6C506F73 
 1261              	.LASF26:
 1262 01a8 70726F74 		.ascii	"protBase\000"
 1262      42617365 
 1262      00
 1263              	.LASF38:
 1264 01b1 69706356 		.ascii	"ipcVersion\000"
 1264      65727369 
 1264      6F6E00
 1265              	.LASF100:
 1266 01bc 63707573 		.ascii	"cpussCm0NmiCtlOffset\000"
 1266      73436D30 
 1266      4E6D6943 
 1266      746C4F66 
 1266      66736574 
 1267              	.LASF123:
 1268 01d1 43595F42 		.ascii	"CY_BLE_ADV_STATE_STOP_INITIATED\000"
 1268      4C455F41 
 1268      44565F53 
 1268      54415445 
 1268      5F53544F 
 1269              	.LASF27:
 1270 01f1 6873696F 		.ascii	"hsiomBase\000"
ARM GAS  C:\Users\Patron\AppData\Local\Temp\cciXWJUt.s 			page 25


 1270      6D426173 
 1270      6500
 1271              	.LASF11:
 1272 01fb 6C6F6E67 		.ascii	"long int\000"
 1272      20696E74 
 1272      00
 1273              	.LASF93:
 1274 0204 63707573 		.ascii	"cpussCm4ClockCtlOffset\000"
 1274      73436D34 
 1274      436C6F63 
 1274      6B43746C 
 1274      4F666673 
 1275              	.LASF134:
 1276 021b 63795F62 		.ascii	"cy_ble_callback_t\000"
 1276      6C655F63 
 1276      616C6C62 
 1276      61636B5F 
 1276      7400
 1277              	.LASF58:
 1278 022d 63727970 		.ascii	"cryptoMemSize\000"
 1278      746F4D65 
 1278      6D53697A 
 1278      6500
 1279              	.LASF124:
 1280 023b 63795F65 		.ascii	"cy_en_ble_adv_state_t\000"
 1280      6E5F626C 
 1280      655F6164 
 1280      765F7374 
 1280      6174655F 
 1281              	.LASF24:
 1282 0251 70657269 		.ascii	"periBase\000"
 1282      42617365 
 1282      00
 1283              	.LASF141:
 1284 025a 63795F73 		.ascii	"cy_stc_ble_ias_config_t\000"
 1284      74635F62 
 1284      6C655F69 
 1284      61735F63 
 1284      6F6E6669 
 1285              	.LASF56:
 1286 0272 73797350 		.ascii	"sysPmSimoPresent\000"
 1286      6D53696D 
 1286      6F507265 
 1286      73656E74 
 1286      00
 1287              	.LASF46:
 1288 0283 63707573 		.ascii	"cpussFmIrq\000"
 1288      73466D49 
 1288      727100
 1289              	.LASF110:
 1290 028e 646F7562 		.ascii	"double\000"
 1290      6C6500
 1291              	.LASF85:
 1292 0295 70657269 		.ascii	"periDiv16_5CtlOffset\000"
 1292      44697631 
 1292      365F3543 
 1292      746C4F66 
ARM GAS  C:\Users\Patron\AppData\Local\Temp\cciXWJUt.s 			page 26


 1292      66736574 
 1293              	.LASF49:
 1294 02aa 73727373 		.ascii	"srssNumPll\000"
 1294      4E756D50 
 1294      6C6C00
 1295              	.LASF149:
 1296 02b5 63795F62 		.ascii	"cy_ble_iasConfig\000"
 1296      6C655F69 
 1296      6173436F 
 1296      6E666967 
 1296      00
 1297              	.LASF83:
 1298 02c6 70657269 		.ascii	"periDiv8CtlOffset\000"
 1298      44697638 
 1298      43746C4F 
 1298      66667365 
 1298      7400
 1299              	.LASF129:
 1300 02d8 43595F42 		.ascii	"CY_BLE_CONN_STATE_CLIENT_INCL_DISCOVERING\000"
 1300      4C455F43 
 1300      4F4E4E5F 
 1300      53544154 
 1300      455F434C 
 1301              	.LASF90:
 1302 0302 6770696F 		.ascii	"gpioPrtCfgOutOffset\000"
 1302      50727443 
 1302      66674F75 
 1302      744F6666 
 1302      73657400 
 1303              	.LASF23:
 1304 0316 666C6173 		.ascii	"flashcBase\000"
 1304      68634261 
 1304      736500
 1305              	.LASF12:
 1306 0321 5F5F7569 		.ascii	"__uint32_t\000"
 1306      6E743332 
 1306      5F7400
 1307              	.LASF115:
 1308 032c 43595F42 		.ascii	"CY_BLE_SCAN_STATE_STOPPED\000"
 1308      4C455F53 
 1308      43414E5F 
 1308      53544154 
 1308      455F5354 
 1309              	.LASF53:
 1310 0346 70617373 		.ascii	"passSarChannels\000"
 1310      53617243 
 1310      68616E6E 
 1310      656C7300 
 1311              	.LASF6:
 1312 0356 5F5F696E 		.ascii	"__int16_t\000"
 1312      7431365F 
 1312      7400
 1313              	.LASF119:
 1314 0360 63795F65 		.ascii	"cy_en_ble_scan_state_t\000"
 1314      6E5F626C 
 1314      655F7363 
 1314      616E5F73 
ARM GAS  C:\Users\Patron\AppData\Local\Temp\cciXWJUt.s 			page 27


 1314      74617465 
 1315              	.LASF96:
 1316 0377 63707573 		.ascii	"cpussCm4PwrCtlOffset\000"
 1316      73436D34 
 1316      50777243 
 1316      746C4F66 
 1316      66736574 
 1317              	.LASF128:
 1318 038c 43595F42 		.ascii	"CY_BLE_CONN_STATE_CLIENT_SRVC_DISCOVERING\000"
 1318      4C455F43 
 1318      4F4E4E5F 
 1318      53544154 
 1318      455F434C 
 1319              	.LASF91:
 1320 03b6 6770696F 		.ascii	"gpioPrtCfgSioOffset\000"
 1320      50727443 
 1320      66675369 
 1320      6F4F6666 
 1320      73657400 
 1321              	.LASF43:
 1322 03ca 63707573 		.ascii	"cpussDwChNr\000"
 1322      73447743 
 1322      684E7200 
 1323              	.LASF0:
 1324 03d6 756E7369 		.ascii	"unsigned int\000"
 1324      676E6564 
 1324      20696E74 
 1324      00
 1325              	.LASF127:
 1326 03e3 43595F42 		.ascii	"CY_BLE_CONN_STATE_CONNECTED\000"
 1326      4C455F43 
 1326      4F4E4E5F 
 1326      53544154 
 1326      455F434F 
 1327              	.LASF131:
 1328 03ff 43595F42 		.ascii	"CY_BLE_CONN_STATE_CLIENT_DESCR_DISCOVERING\000"
 1328      4C455F43 
 1328      4F4E4E5F 
 1328      53544154 
 1328      455F434C 
 1329              	.LASF19:
 1330 042a 75696E74 		.ascii	"uint16_t\000"
 1330      31365F74 
 1330      00
 1331              	.LASF76:
 1332 0433 70657269 		.ascii	"periTrCmdGrSelMsk\000"
 1332      5472436D 
 1332      64477253 
 1332      656C4D73 
 1332      6B00
 1333              	.LASF13:
 1334 0445 6C6F6E67 		.ascii	"long unsigned int\000"
 1334      20756E73 
 1334      69676E65 
 1334      6420696E 
 1334      7400
 1335              	.LASF41:
ARM GAS  C:\Users\Patron\AppData\Local\Temp\cciXWJUt.s 			page 28


 1336 0457 63707573 		.ascii	"cpussIpcNr\000"
 1336      73497063 
 1336      4E7200
 1337              	.LASF28:
 1338 0462 6770696F 		.ascii	"gpioBase\000"
 1338      42617365 
 1338      00
 1339              	.LASF66:
 1340 046b 666C6173 		.ascii	"flashCtlMainWs2Freq\000"
 1340      6843746C 
 1340      4D61696E 
 1340      57733246 
 1340      72657100 
 1341              	.LASF77:
 1342 047f 70657269 		.ascii	"periTrGrOffset\000"
 1342      54724772 
 1342      4F666673 
 1342      657400
 1343              	.LASF104:
 1344 048e 63707573 		.ascii	"cpussRam1Ctl0\000"
 1344      7352616D 
 1344      3143746C 
 1344      3000
 1345              	.LASF147:
 1346 049c 63795F62 		.ascii	"cy_ble_connState\000"
 1346      6C655F63 
 1346      6F6E6E53 
 1346      74617465 
 1346      00
 1347              	.LASF78:
 1348 04ad 70657269 		.ascii	"periTrGrSize\000"
 1348      54724772 
 1348      53697A65 
 1348      00
 1349              	.LASF36:
 1350 04ba 6770696F 		.ascii	"gpioVersion\000"
 1350      56657273 
 1350      696F6E00 
 1351              	.LASF108:
 1352 04c6 63795F73 		.ascii	"cy_stc_device_t\000"
 1352      74635F64 
 1352      65766963 
 1352      655F7400 
 1353              	.LASF117:
 1354 04d6 43595F42 		.ascii	"CY_BLE_SCAN_STATE_SCANNING\000"
 1354      4C455F53 
 1354      43414E5F 
 1354      53544154 
 1354      455F5343 
 1355              	.LASF54:
 1356 04f1 65704D6F 		.ascii	"epMonitorNr\000"
 1356      6E69746F 
 1356      724E7200 
 1357              	.LASF101:
 1358 04fd 63707573 		.ascii	"cpussCm4NmiCtlOffset\000"
 1358      73436D34 
 1358      4E6D6943 
ARM GAS  C:\Users\Patron\AppData\Local\Temp\cciXWJUt.s 			page 29


 1358      746C4F66 
 1358      66736574 
 1359              	.LASF97:
 1360 0512 63707573 		.ascii	"cpussTrimRamCtlOffset\000"
 1360      73547269 
 1360      6D52616D 
 1360      43746C4F 
 1360      66667365 
 1361              	.LASF92:
 1362 0528 63707573 		.ascii	"cpussCm0ClockCtlOffset\000"
 1362      73436D30 
 1362      436C6F63 
 1362      6B43746C 
 1362      4F666673 
 1363              	.LASF112:
 1364 053f 61747449 		.ascii	"attId\000"
 1364      6400
 1365              	.LASF32:
 1366 0545 63707573 		.ascii	"cpussVersion\000"
 1366      73566572 
 1366      73696F6E 
 1366      00
 1367              	.LASF114:
 1368 0552 63795F62 		.ascii	"cy_ble_gatt_db_attr_handle_t\000"
 1368      6C655F67 
 1368      6174745F 
 1368      64625F61 
 1368      7474725F 
 1369              	.LASF39:
 1370 056f 70657269 		.ascii	"periVersion\000"
 1370      56657273 
 1370      696F6E00 
 1371              	.LASF95:
 1372 057b 63707573 		.ascii	"cpussCm0StatusOffset\000"
 1372      73436D30 
 1372      53746174 
 1372      75734F66 
 1372      66736574 
 1373              	.LASF118:
 1374 0590 43595F42 		.ascii	"CY_BLE_SCAN_STATE_STOP_INITIATED\000"
 1374      4C455F53 
 1374      43414E5F 
 1374      53544154 
 1374      455F5354 
 1375              	.LASF15:
 1376 05b1 73697A65 		.ascii	"sizetype\000"
 1376      74797065 
 1376      00
 1377              	.LASF151:
 1378 05ba 47656E65 		.ascii	"Generated_Source\\PSoC6\\BLE_ias_config.c\000"
 1378      72617465 
 1378      645F536F 
 1378      75726365 
 1378      5C50536F 
 1379              	.LASF69:
 1380 05e2 64774368 		.ascii	"dwChOffset\000"
 1380      4F666673 
ARM GAS  C:\Users\Patron\AppData\Local\Temp\cciXWJUt.s 			page 30


 1380      657400
 1381              	.LASF137:
 1382 05ed 616C6572 		.ascii	"alertLevelCharHandle\000"
 1382      744C6576 
 1382      656C4368 
 1382      61724861 
 1382      6E646C65 
 1383              	.LASF44:
 1384 0602 63707573 		.ascii	"cpussFlashPaSize\000"
 1384      73466C61 
 1384      73685061 
 1384      53697A65 
 1384      00
 1385              	.LASF121:
 1386 0613 43595F42 		.ascii	"CY_BLE_ADV_STATE_ADV_INITIATED\000"
 1386      4C455F41 
 1386      44565F53 
 1386      54415445 
 1386      5F414456 
 1387              	.LASF82:
 1388 0632 70657269 		.ascii	"periDivCmdPaTypeSelPos\000"
 1388      44697643 
 1388      6D645061 
 1388      54797065 
 1388      53656C50 
 1389              	.LASF105:
 1390 0649 63707573 		.ascii	"cpussRam2Ctl0\000"
 1390      7352616D 
 1390      3243746C 
 1390      3000
 1391              	.LASF73:
 1392 0657 64775374 		.ascii	"dwStatusChIdxPos\000"
 1392      61747573 
 1392      43684964 
 1392      78506F73 
 1392      00
 1393              	.LASF55:
 1394 0668 75646250 		.ascii	"udbPresent\000"
 1394      72657365 
 1394      6E7400
 1395              	.LASF133:
 1396 0673 63795F65 		.ascii	"cy_en_ble_conn_state_t\000"
 1396      6E5F626C 
 1396      655F636F 
 1396      6E6E5F73 
 1396      74617465 
 1397              	.LASF138:
 1398 068a 63795F73 		.ascii	"cy_stc_ble_iass_t\000"
 1398      74635F62 
 1398      6C655F69 
 1398      6173735F 
 1398      7400
 1399              	.LASF35:
 1400 069c 666C6173 		.ascii	"flashcVersion\000"
 1400      68635665 
 1400      7273696F 
 1400      6E00
ARM GAS  C:\Users\Patron\AppData\Local\Temp\cciXWJUt.s 			page 31


 1401              	.LASF31:
 1402 06aa 63727970 		.ascii	"cryptoBase\000"
 1402      746F4261 
 1402      736500
 1403              	.LASF52:
 1404 06b5 736D6966 		.ascii	"smifDeviceNr\000"
 1404      44657669 
 1404      63654E72 
 1404      00
 1405              	.LASF150:
 1406 06c2 474E5520 		.ascii	"GNU C11 5.4.1 20160609 (release) [ARM/embedded-5-br"
 1406      43313120 
 1406      352E342E 
 1406      31203230 
 1406      31363036 
 1407 06f5 616E6368 		.ascii	"anch revision 237715] -mcpu=cortex-m4 -mfloat-abi=s"
 1407      20726576 
 1407      6973696F 
 1407      6E203233 
 1407      37373135 
 1408 0728 6F667466 		.ascii	"oftfp -mfpu=fpv4-sp-d16 -mthumb -g -Og -ffunction-s"
 1408      70202D6D 
 1408      6670753D 
 1408      66707634 
 1408      2D73702D 
 1409 075b 65637469 		.ascii	"ections -ffat-lto-objects\000"
 1409      6F6E7320 
 1409      2D666661 
 1409      742D6C74 
 1409      6F2D6F62 
 1410              	.LASF61:
 1411 0775 666C6173 		.ascii	"flashWriteDelay\000"
 1411      68577269 
 1411      74654465 
 1411      6C617900 
 1412              	.LASF132:
 1413 0785 43595F42 		.ascii	"CY_BLE_CONN_STATE_CLIENT_DISCOVERED\000"
 1413      4C455F43 
 1413      4F4E4E5F 
 1413      53544154 
 1413      455F434C 
 1414              	.LASF109:
 1415 07a9 666C6F61 		.ascii	"float\000"
 1415      7400
 1416              	.LASF74:
 1417 07af 64775374 		.ascii	"dwStatusChIdxMsk\000"
 1417      61747573 
 1417      43684964 
 1417      784D736B 
 1417      00
 1418              	.LASF142:
 1419 07c0 63795F64 		.ascii	"cy_device\000"
 1419      65766963 
 1419      6500
 1420              	.LASF102:
 1421 07ca 63707573 		.ascii	"cpussRomCtl\000"
 1421      73526F6D 
ARM GAS  C:\Users\Patron\AppData\Local\Temp\cciXWJUt.s 			page 32


 1421      43746C00 
 1422              	.LASF72:
 1423 07d6 64774368 		.ascii	"dwChCtlPreemptablePos\000"
 1423      43746C50 
 1423      7265656D 
 1423      70746162 
 1423      6C65506F 
 1424              	.LASF25:
 1425 07ec 75646242 		.ascii	"udbBase\000"
 1425      61736500 
 1426              	.LASF130:
 1427 07f4 43595F42 		.ascii	"CY_BLE_CONN_STATE_CLIENT_CHAR_DISCOVERING\000"
 1427      4C455F43 
 1427      4F4E4E5F 
 1427      53544154 
 1427      455F434C 
 1428              	.LASF140:
 1429 081e 63616C6C 		.ascii	"callbackFunc\000"
 1429      6261636B 
 1429      46756E63 
 1429      00
 1430              	.LASF135:
 1431 082b 5F426F6F 		.ascii	"_Bool\000"
 1431      6C00
 1432              	.LASF20:
 1433 0831 696E7433 		.ascii	"int32_t\000"
 1433      325F7400 
 1434              	.LASF4:
 1435 0839 756E7369 		.ascii	"unsigned char\000"
 1435      676E6564 
 1435      20636861 
 1435      7200
 1436              	.LASF68:
 1437 0847 666C6173 		.ascii	"flashCtlMainWs4Freq\000"
 1437      6843746C 
 1437      4D61696E 
 1437      57733446 
 1437      72657100 
 1438              	.LASF7:
 1439 085b 73686F72 		.ascii	"short int\000"
 1439      7420696E 
 1439      7400
 1440              	.LASF79:
 1441 0865 70657269 		.ascii	"periDivCmdDivSelMsk\000"
 1441      44697643 
 1441      6D644469 
 1441      7653656C 
 1441      4D736B00 
 1442              	.LASF50:
 1443 0879 73727373 		.ascii	"srssNumHfroot\000"
 1443      4E756D48 
 1443      66726F6F 
 1443      7400
 1444              	.LASF63:
 1445 0887 666C6173 		.ascii	"flashEraseDelay\000"
 1445      68457261 
 1445      73654465 
ARM GAS  C:\Users\Patron\AppData\Local\Temp\cciXWJUt.s 			page 33


 1445      6C617900 
 1446              	.LASF21:
 1447 0897 75696E74 		.ascii	"uint32_t\000"
 1447      33325F74 
 1447      00
 1448              	.LASF139:
 1449 08a0 69617373 		.ascii	"iass\000"
 1449      00
 1450              	.LASF2:
 1451 08a5 6C6F6E67 		.ascii	"long double\000"
 1451      20646F75 
 1451      626C6500 
 1452              	.LASF16:
 1453 08b1 63686172 		.ascii	"char\000"
 1453      00
 1454              	.LASF40:
 1455 08b6 70726F74 		.ascii	"protVersion\000"
 1455      56657273 
 1455      696F6E00 
 1456              	.LASF103:
 1457 08c2 63707573 		.ascii	"cpussRam0Ctl0\000"
 1457      7352616D 
 1457      3043746C 
 1457      3000
 1458              	.LASF8:
 1459 08d0 5F5F7569 		.ascii	"__uint16_t\000"
 1459      6E743136 
 1459      5F7400
 1460              	.LASF148:
 1461 08db 63795F62 		.ascii	"cy_ble_pendingFlashWrite\000"
 1461      6C655F70 
 1461      656E6469 
 1461      6E67466C 
 1461      61736857 
 1462              	.LASF84:
 1463 08f4 70657269 		.ascii	"periDiv16CtlOffset\000"
 1463      44697631 
 1463      3643746C 
 1463      4F666673 
 1463      657400
 1464              	.LASF10:
 1465 0907 5F5F696E 		.ascii	"__int32_t\000"
 1465      7433325F 
 1465      7400
 1466              	.LASF144:
 1467 0911 63795F62 		.ascii	"cy_ble_advState\000"
 1467      6C655F61 
 1467      64765374 
 1467      61746500 
 1468              	.LASF37:
 1469 0921 6873696F 		.ascii	"hsiomVersion\000"
 1469      6D566572 
 1469      73696F6E 
 1469      00
 1470              	.LASF65:
 1471 092e 666C6173 		.ascii	"flashCtlMainWs1Freq\000"
 1471      6843746C 
ARM GAS  C:\Users\Patron\AppData\Local\Temp\cciXWJUt.s 			page 34


 1471      4D61696E 
 1471      57733146 
 1471      72657100 
 1472              	.LASF9:
 1473 0942 73686F72 		.ascii	"short unsigned int\000"
 1473      7420756E 
 1473      7369676E 
 1473      65642069 
 1473      6E7400
 1474              	.LASF70:
 1475 0955 64774368 		.ascii	"dwChSize\000"
 1475      53697A65 
 1475      00
 1476              	.LASF106:
 1477 095e 69706353 		.ascii	"ipcStructSize\000"
 1477      74727563 
 1477      7453697A 
 1477      6500
 1478              	.LASF45:
 1479 096c 63707573 		.ascii	"cpussIpc0Irq\000"
 1479      73497063 
 1479      30497271 
 1479      00
 1480              	.LASF88:
 1481 0979 6770696F 		.ascii	"gpioPrtCfgOffset\000"
 1481      50727443 
 1481      66674F66 
 1481      66736574 
 1481      00
 1482              	.LASF136:
 1483 098a 73657276 		.ascii	"serviceHandle\000"
 1483      69636548 
 1483      616E646C 
 1483      6500
 1484              	.LASF125:
 1485 0998 43595F42 		.ascii	"CY_BLE_CONN_STATE_DISCONNECTED\000"
 1485      4C455F43 
 1485      4F4E4E5F 
 1485      53544154 
 1485      455F4449 
 1486              	.LASF146:
 1487 09b7 63795F62 		.ascii	"cy_ble_connHandle\000"
 1487      6C655F63 
 1487      6F6E6E48 
 1487      616E646C 
 1487      6500
 1488              	.LASF152:
 1489 09c9 433A5C55 		.ascii	"C:\\Users\\Patron\\Documents\\PSoC Creator\\BLE_Con"
 1489      73657273 
 1489      5C506174 
 1489      726F6E5C 
 1489      446F6375 
 1490 09f7 74726F6C 		.ascii	"troller\\Wrist.cydsn\000"
 1490      6C65725C 
 1490      57726973 
 1490      742E6379 
 1490      64736E00 
ARM GAS  C:\Users\Patron\AppData\Local\Temp\cciXWJUt.s 			page 35


 1491              	.LASF47:
 1492 0a0b 63707573 		.ascii	"cpussNotConnectedIrq\000"
 1492      734E6F74 
 1492      436F6E6E 
 1492      65637465 
 1492      64497271 
 1493              	.LASF122:
 1494 0a20 43595F42 		.ascii	"CY_BLE_ADV_STATE_ADVERTISING\000"
 1494      4C455F41 
 1494      44565F53 
 1494      54415445 
 1494      5F414456 
 1495              	.LASF120:
 1496 0a3d 43595F42 		.ascii	"CY_BLE_ADV_STATE_STOPPED\000"
 1496      4C455F41 
 1496      44565F53 
 1496      54415445 
 1496      5F53544F 
 1497              	.LASF17:
 1498 0a56 75696E74 		.ascii	"uint8_t\000"
 1498      385F7400 
 1499              	.LASF94:
 1500 0a5e 63707573 		.ascii	"cpussCm4StatusOffset\000"
 1500      73436D34 
 1500      53746174 
 1500      75734F66 
 1500      66736574 
 1501              	.LASF87:
 1502 0a73 6770696F 		.ascii	"gpioPrtIntrCfgOffset\000"
 1502      50727449 
 1502      6E747243 
 1502      66674F66 
 1502      66736574 
 1503              	.LASF98:
 1504 0a88 63707573 		.ascii	"cpussTrimRomCtlOffset\000"
 1504      73547269 
 1504      6D526F6D 
 1504      43746C4F 
 1504      66667365 
 1505              	.LASF111:
 1506 0a9e 62644861 		.ascii	"bdHandle\000"
 1506      6E646C65 
 1506      00
 1507              	.LASF48:
 1508 0aa7 73727373 		.ascii	"srssNumClkpath\000"
 1508      4E756D43 
 1508      6C6B7061 
 1508      746800
 1509              	.LASF34:
 1510 0ab6 64775665 		.ascii	"dwVersion\000"
 1510      7273696F 
 1510      6E00
 1511              	.LASF30:
 1512 0ac0 69706342 		.ascii	"ipcBase\000"
 1512      61736500 
 1513              	.LASF81:
 1514 0ac8 70657269 		.ascii	"periDivCmdPaDivSelPos\000"
ARM GAS  C:\Users\Patron\AppData\Local\Temp\cciXWJUt.s 			page 36


 1514      44697643 
 1514      6D645061 
 1514      44697653 
 1514      656C506F 
 1515              	.LASF62:
 1516 0ade 666C6173 		.ascii	"flashProgramDelay\000"
 1516      6850726F 
 1516      6772616D 
 1516      44656C61 
 1516      7900
 1517              	.LASF126:
 1518 0af0 43595F42 		.ascii	"CY_BLE_CONN_STATE_CLIENT_DISCONNECTED_DISCOVERED\000"
 1518      4C455F43 
 1518      4F4E4E5F 
 1518      53544154 
 1518      455F434C 
 1519              	.LASF59:
 1520 0b21 666C6173 		.ascii	"flashRwwRequired\000"
 1520      68527777 
 1520      52657175 
 1520      69726564 
 1520      00
 1521              		.ident	"GCC: (GNU Tools for ARM Embedded Processors) 5.4.1 20160609 (release) [ARM/embedded-5-bran
