ARM GAS  C:\Users\Patron\AppData\Local\Temp\ccjKvz8b.s 			page 1


   1              		.syntax unified
   2              		.cpu cortex-m4
   3              		.eabi_attribute 27, 1
   4              		.fpu fpv4-sp-d16
   5              		.eabi_attribute 20, 1
   6              		.eabi_attribute 21, 1
   7              		.eabi_attribute 23, 3
   8              		.eabi_attribute 24, 1
   9              		.eabi_attribute 25, 1
  10              		.eabi_attribute 26, 1
  11              		.eabi_attribute 30, 1
  12              		.eabi_attribute 34, 1
  13              		.eabi_attribute 18, 4
  14              		.thumb
  15              		.syntax unified
  16              		.file	"cy_ble_ans.c"
  17              		.text
  18              	.Ltext0:
  19              		.cfi_sections	.debug_frame
  20              	.Letext0:
  21              		.file 1 "c:\\program files\\cypress\\psoc creator\\4.3\\psoc creator\\import\\gnu\\arm\\5.4.1\\arm
  22              		.file 2 "c:\\program files\\cypress\\psoc creator\\4.3\\psoc creator\\import\\gnu\\arm\\5.4.1\\arm
  23              		.file 3 "Generated_Source\\PSoC6\\pdl\\drivers/peripheral/device/cy_device.h"
  24              		.file 4 "Generated_Source\\PSoC6\\pdl\\middleware\\ble\\cy_ble_stack_host_main.h"
  25              		.file 5 "Generated_Source\\PSoC6\\pdl\\middleware\\ble\\cy_ble_gap.h"
  26              		.file 6 "Generated_Source\\PSoC6\\pdl\\cmsis/include/core_cm4.h"
  27              		.section	.debug_info,"",%progbits
  28              	.Ldebug_info0:
  29 0000 6F060000 		.4byte	0x66f
  30 0004 0400     		.2byte	0x4
  31 0006 00000000 		.4byte	.Ldebug_abbrev0
  32 000a 04       		.byte	0x4
  33 000b 01       		.uleb128 0x1
  34 000c 52060000 		.4byte	.LASF141
  35 0010 0C       		.byte	0xc
  36 0011 9D000000 		.4byte	.LASF142
  37 0015 39090000 		.4byte	.LASF143
  38 0019 00000000 		.4byte	.Ldebug_line0
  39 001d 02       		.uleb128 0x2
  40 001e 04       		.byte	0x4
  41 001f 05       		.byte	0x5
  42 0020 696E7400 		.ascii	"int\000"
  43 0024 03       		.uleb128 0x3
  44 0025 04       		.byte	0x4
  45 0026 07       		.byte	0x7
  46 0027 D2030000 		.4byte	.LASF0
  47 002b 03       		.uleb128 0x3
  48 002c 08       		.byte	0x8
  49 002d 05       		.byte	0x5
  50 002e B0010000 		.4byte	.LASF1
  51 0032 03       		.uleb128 0x3
  52 0033 08       		.byte	0x8
  53 0034 04       		.byte	0x4
  54 0035 23080000 		.4byte	.LASF2
  55 0039 03       		.uleb128 0x3
  56 003a 01       		.byte	0x1
  57 003b 06       		.byte	0x6
ARM GAS  C:\Users\Patron\AppData\Local\Temp\ccjKvz8b.s 			page 2


  58 003c BE010000 		.4byte	.LASF3
  59 0040 04       		.uleb128 0x4
  60 0041 7E000000 		.4byte	.LASF5
  61 0045 01       		.byte	0x1
  62 0046 1D       		.byte	0x1d
  63 0047 4B000000 		.4byte	0x4b
  64 004b 03       		.uleb128 0x3
  65 004c 01       		.byte	0x1
  66 004d 08       		.byte	0x8
  67 004e BC070000 		.4byte	.LASF4
  68 0052 04       		.uleb128 0x4
  69 0053 52030000 		.4byte	.LASF6
  70 0057 01       		.byte	0x1
  71 0058 29       		.byte	0x29
  72 0059 5D000000 		.4byte	0x5d
  73 005d 03       		.uleb128 0x3
  74 005e 02       		.byte	0x2
  75 005f 05       		.byte	0x5
  76 0060 DE070000 		.4byte	.LASF7
  77 0064 04       		.uleb128 0x4
  78 0065 4E080000 		.4byte	.LASF8
  79 0069 01       		.byte	0x1
  80 006a 2B       		.byte	0x2b
  81 006b 6F000000 		.4byte	0x6f
  82 006f 03       		.uleb128 0x3
  83 0070 02       		.byte	0x2
  84 0071 07       		.byte	0x7
  85 0072 C0080000 		.4byte	.LASF9
  86 0076 04       		.uleb128 0x4
  87 0077 85080000 		.4byte	.LASF10
  88 007b 01       		.byte	0x1
  89 007c 3F       		.byte	0x3f
  90 007d 81000000 		.4byte	0x81
  91 0081 03       		.uleb128 0x3
  92 0082 04       		.byte	0x4
  93 0083 05       		.byte	0x5
  94 0084 32020000 		.4byte	.LASF11
  95 0088 04       		.uleb128 0x4
  96 0089 1D030000 		.4byte	.LASF12
  97 008d 01       		.byte	0x1
  98 008e 41       		.byte	0x41
  99 008f 93000000 		.4byte	0x93
 100 0093 03       		.uleb128 0x3
 101 0094 04       		.byte	0x4
 102 0095 07       		.byte	0x7
 103 0096 41040000 		.4byte	.LASF13
 104 009a 03       		.uleb128 0x3
 105 009b 08       		.byte	0x8
 106 009c 07       		.byte	0x7
 107 009d 27010000 		.4byte	.LASF14
 108 00a1 03       		.uleb128 0x3
 109 00a2 04       		.byte	0x4
 110 00a3 07       		.byte	0x7
 111 00a4 90050000 		.4byte	.LASF15
 112 00a8 03       		.uleb128 0x3
 113 00a9 01       		.byte	0x1
 114 00aa 08       		.byte	0x8
ARM GAS  C:\Users\Patron\AppData\Local\Temp\ccjKvz8b.s 			page 3


 115 00ab 2F080000 		.4byte	.LASF16
 116 00af 04       		.uleb128 0x4
 117 00b0 C6090000 		.4byte	.LASF17
 118 00b4 02       		.byte	0x2
 119 00b5 18       		.byte	0x18
 120 00b6 40000000 		.4byte	0x40
 121 00ba 04       		.uleb128 0x4
 122 00bb A8010000 		.4byte	.LASF18
 123 00bf 02       		.byte	0x2
 124 00c0 20       		.byte	0x20
 125 00c1 52000000 		.4byte	0x52
 126 00c5 04       		.uleb128 0x4
 127 00c6 26040000 		.4byte	.LASF19
 128 00ca 02       		.byte	0x2
 129 00cb 24       		.byte	0x24
 130 00cc 64000000 		.4byte	0x64
 131 00d0 04       		.uleb128 0x4
 132 00d1 B4070000 		.4byte	.LASF20
 133 00d5 02       		.byte	0x2
 134 00d6 2C       		.byte	0x2c
 135 00d7 76000000 		.4byte	0x76
 136 00db 04       		.uleb128 0x4
 137 00dc 1A080000 		.4byte	.LASF21
 138 00e0 02       		.byte	0x2
 139 00e1 30       		.byte	0x30
 140 00e2 88000000 		.4byte	0x88
 141 00e6 05       		.uleb128 0x5
 142 00e7 B8       		.byte	0xb8
 143 00e8 03       		.byte	0x3
 144 00e9 34       		.byte	0x34
 145 00ea F7040000 		.4byte	0x4f7
 146 00ee 06       		.uleb128 0x6
 147 00ef 0E010000 		.4byte	.LASF22
 148 00f3 03       		.byte	0x3
 149 00f4 37       		.byte	0x37
 150 00f5 DB000000 		.4byte	0xdb
 151 00f9 00       		.byte	0
 152 00fa 06       		.uleb128 0x6
 153 00fb 12030000 		.4byte	.LASF23
 154 00ff 03       		.byte	0x3
 155 0100 38       		.byte	0x38
 156 0101 DB000000 		.4byte	0xdb
 157 0105 04       		.byte	0x4
 158 0106 06       		.uleb128 0x6
 159 0107 76020000 		.4byte	.LASF24
 160 010b 03       		.byte	0x3
 161 010c 39       		.byte	0x39
 162 010d DB000000 		.4byte	0xdb
 163 0111 08       		.byte	0x8
 164 0112 06       		.uleb128 0x6
 165 0113 7C070000 		.4byte	.LASF25
 166 0117 03       		.byte	0x3
 167 0118 3A       		.byte	0x3a
 168 0119 DB000000 		.4byte	0xdb
 169 011d 0C       		.byte	0xc
 170 011e 06       		.uleb128 0x6
 171 011f DF010000 		.4byte	.LASF26
ARM GAS  C:\Users\Patron\AppData\Local\Temp\ccjKvz8b.s 			page 4


 172 0123 03       		.byte	0x3
 173 0124 3B       		.byte	0x3b
 174 0125 DB000000 		.4byte	0xdb
 175 0129 10       		.byte	0x10
 176 012a 06       		.uleb128 0x6
 177 012b 28020000 		.4byte	.LASF27
 178 012f 03       		.byte	0x3
 179 0130 3C       		.byte	0x3c
 180 0131 DB000000 		.4byte	0xdb
 181 0135 14       		.byte	0x14
 182 0136 06       		.uleb128 0x6
 183 0137 5E040000 		.4byte	.LASF28
 184 013b 03       		.byte	0x3
 185 013c 3D       		.byte	0x3d
 186 013d DB000000 		.4byte	0xdb
 187 0141 18       		.byte	0x18
 188 0142 06       		.uleb128 0x6
 189 0143 67000000 		.4byte	.LASF29
 190 0147 03       		.byte	0x3
 191 0148 3E       		.byte	0x3e
 192 0149 DB000000 		.4byte	0xdb
 193 014d 1C       		.byte	0x1c
 194 014e 06       		.uleb128 0x6
 195 014f 300A0000 		.4byte	.LASF30
 196 0153 03       		.byte	0x3
 197 0154 3F       		.byte	0x3f
 198 0155 DB000000 		.4byte	0xdb
 199 0159 20       		.byte	0x20
 200 015a 06       		.uleb128 0x6
 201 015b 3A060000 		.4byte	.LASF31
 202 015f 03       		.byte	0x3
 203 0160 40       		.byte	0x40
 204 0161 DB000000 		.4byte	0xdb
 205 0165 24       		.byte	0x24
 206 0166 06       		.uleb128 0x6
 207 0167 41050000 		.4byte	.LASF32
 208 016b 03       		.byte	0x3
 209 016c 43       		.byte	0x43
 210 016d AF000000 		.4byte	0xaf
 211 0171 28       		.byte	0x28
 212 0172 06       		.uleb128 0x6
 213 0173 4D000000 		.4byte	.LASF33
 214 0177 03       		.byte	0x3
 215 0178 44       		.byte	0x44
 216 0179 AF000000 		.4byte	0xaf
 217 017d 29       		.byte	0x29
 218 017e 06       		.uleb128 0x6
 219 017f 260A0000 		.4byte	.LASF34
 220 0183 03       		.byte	0x3
 221 0184 45       		.byte	0x45
 222 0185 AF000000 		.4byte	0xaf
 223 0189 2A       		.byte	0x2a
 224 018a 06       		.uleb128 0x6
 225 018b 2C060000 		.4byte	.LASF35
 226 018f 03       		.byte	0x3
 227 0190 46       		.byte	0x46
 228 0191 AF000000 		.4byte	0xaf
ARM GAS  C:\Users\Patron\AppData\Local\Temp\ccjKvz8b.s 			page 5


 229 0195 2B       		.byte	0x2b
 230 0196 06       		.uleb128 0x6
 231 0197 B6040000 		.4byte	.LASF36
 232 019b 03       		.byte	0x3
 233 019c 47       		.byte	0x47
 234 019d AF000000 		.4byte	0xaf
 235 01a1 2C       		.byte	0x2c
 236 01a2 06       		.uleb128 0x6
 237 01a3 9F080000 		.4byte	.LASF37
 238 01a7 03       		.byte	0x3
 239 01a8 48       		.byte	0x48
 240 01a9 AF000000 		.4byte	0xaf
 241 01ad 2D       		.byte	0x2d
 242 01ae 06       		.uleb128 0x6
 243 01af E8010000 		.4byte	.LASF38
 244 01b3 03       		.byte	0x3
 245 01b4 49       		.byte	0x49
 246 01b5 AF000000 		.4byte	0xaf
 247 01b9 2E       		.byte	0x2e
 248 01ba 06       		.uleb128 0x6
 249 01bb 4E050000 		.4byte	.LASF39
 250 01bf 03       		.byte	0x3
 251 01c0 4A       		.byte	0x4a
 252 01c1 AF000000 		.4byte	0xaf
 253 01c5 2F       		.byte	0x2f
 254 01c6 06       		.uleb128 0x6
 255 01c7 34080000 		.4byte	.LASF40
 256 01cb 03       		.byte	0x3
 257 01cc 4B       		.byte	0x4b
 258 01cd AF000000 		.4byte	0xaf
 259 01d1 30       		.byte	0x30
 260 01d2 06       		.uleb128 0x6
 261 01d3 53040000 		.4byte	.LASF41
 262 01d7 03       		.byte	0x3
 263 01d8 4E       		.byte	0x4e
 264 01d9 AF000000 		.4byte	0xaf
 265 01dd 31       		.byte	0x31
 266 01de 06       		.uleb128 0x6
 267 01df 70000000 		.4byte	.LASF42
 268 01e3 03       		.byte	0x3
 269 01e4 4F       		.byte	0x4f
 270 01e5 AF000000 		.4byte	0xaf
 271 01e9 32       		.byte	0x32
 272 01ea 06       		.uleb128 0x6
 273 01eb C6030000 		.4byte	.LASF43
 274 01ef 03       		.byte	0x3
 275 01f0 50       		.byte	0x50
 276 01f1 AF000000 		.4byte	0xaf
 277 01f5 33       		.byte	0x33
 278 01f6 06       		.uleb128 0x6
 279 01f7 A4050000 		.4byte	.LASF44
 280 01fb 03       		.byte	0x3
 281 01fc 51       		.byte	0x51
 282 01fd AF000000 		.4byte	0xaf
 283 0201 34       		.byte	0x34
 284 0202 06       		.uleb128 0x6
 285 0203 EA080000 		.4byte	.LASF45
ARM GAS  C:\Users\Patron\AppData\Local\Temp\ccjKvz8b.s 			page 6


 286 0207 03       		.byte	0x3
 287 0208 52       		.byte	0x52
 288 0209 BA000000 		.4byte	0xba
 289 020d 36       		.byte	0x36
 290 020e 06       		.uleb128 0x6
 291 020f 90020000 		.4byte	.LASF46
 292 0213 03       		.byte	0x3
 293 0214 53       		.byte	0x53
 294 0215 BA000000 		.4byte	0xba
 295 0219 38       		.byte	0x38
 296 021a 06       		.uleb128 0x6
 297 021b 7B090000 		.4byte	.LASF47
 298 021f 03       		.byte	0x3
 299 0220 54       		.byte	0x54
 300 0221 BA000000 		.4byte	0xba
 301 0225 3A       		.byte	0x3a
 302 0226 06       		.uleb128 0x6
 303 0227 170A0000 		.4byte	.LASF48
 304 022b 03       		.byte	0x3
 305 022c 55       		.byte	0x55
 306 022d AF000000 		.4byte	0xaf
 307 0231 3C       		.byte	0x3c
 308 0232 06       		.uleb128 0x6
 309 0233 B7020000 		.4byte	.LASF49
 310 0237 03       		.byte	0x3
 311 0238 56       		.byte	0x56
 312 0239 AF000000 		.4byte	0xaf
 313 023d 3D       		.byte	0x3d
 314 023e 06       		.uleb128 0x6
 315 023f FC070000 		.4byte	.LASF50
 316 0243 03       		.byte	0x3
 317 0244 57       		.byte	0x57
 318 0245 AF000000 		.4byte	0xaf
 319 0249 3E       		.byte	0x3e
 320 024a 06       		.uleb128 0x6
 321 024b 5B000000 		.4byte	.LASF51
 322 024f 03       		.byte	0x3
 323 0250 58       		.byte	0x58
 324 0251 AF000000 		.4byte	0xaf
 325 0255 3F       		.byte	0x3f
 326 0256 06       		.uleb128 0x6
 327 0257 45060000 		.4byte	.LASF52
 328 025b 03       		.byte	0x3
 329 025c 59       		.byte	0x59
 330 025d AF000000 		.4byte	0xaf
 331 0261 40       		.byte	0x40
 332 0262 06       		.uleb128 0x6
 333 0263 42030000 		.4byte	.LASF53
 334 0267 03       		.byte	0x3
 335 0268 5A       		.byte	0x5a
 336 0269 AF000000 		.4byte	0xaf
 337 026d 41       		.byte	0x41
 338 026e 06       		.uleb128 0x6
 339 026f ED040000 		.4byte	.LASF54
 340 0273 03       		.byte	0x3
 341 0274 5B       		.byte	0x5b
 342 0275 AF000000 		.4byte	0xaf
ARM GAS  C:\Users\Patron\AppData\Local\Temp\ccjKvz8b.s 			page 7


 343 0279 42       		.byte	0x42
 344 027a 06       		.uleb128 0x6
 345 027b 0A060000 		.4byte	.LASF55
 346 027f 03       		.byte	0x3
 347 0280 5C       		.byte	0x5c
 348 0281 AF000000 		.4byte	0xaf
 349 0285 43       		.byte	0x43
 350 0286 06       		.uleb128 0x6
 351 0287 7F020000 		.4byte	.LASF56
 352 028b 03       		.byte	0x3
 353 028c 5D       		.byte	0x5d
 354 028d AF000000 		.4byte	0xaf
 355 0291 44       		.byte	0x44
 356 0292 06       		.uleb128 0x6
 357 0293 00000000 		.4byte	.LASF57
 358 0297 03       		.byte	0x3
 359 0298 5E       		.byte	0x5e
 360 0299 DB000000 		.4byte	0xdb
 361 029d 48       		.byte	0x48
 362 029e 06       		.uleb128 0x6
 363 029f 52020000 		.4byte	.LASF58
 364 02a3 03       		.byte	0x3
 365 02a4 5F       		.byte	0x5f
 366 02a5 DB000000 		.4byte	0xdb
 367 02a9 4C       		.byte	0x4c
 368 02aa 06       		.uleb128 0x6
 369 02ab 910A0000 		.4byte	.LASF59
 370 02af 03       		.byte	0x3
 371 02b0 60       		.byte	0x60
 372 02b1 AF000000 		.4byte	0xaf
 373 02b5 50       		.byte	0x50
 374 02b6 06       		.uleb128 0x6
 375 02b7 82010000 		.4byte	.LASF60
 376 02bb 03       		.byte	0x3
 377 02bc 61       		.byte	0x61
 378 02bd AF000000 		.4byte	0xaf
 379 02c1 51       		.byte	0x51
 380 02c2 06       		.uleb128 0x6
 381 02c3 05070000 		.4byte	.LASF61
 382 02c7 03       		.byte	0x3
 383 02c8 62       		.byte	0x62
 384 02c9 AF000000 		.4byte	0xaf
 385 02cd 52       		.byte	0x52
 386 02ce 06       		.uleb128 0x6
 387 02cf 4E0A0000 		.4byte	.LASF62
 388 02d3 03       		.byte	0x3
 389 02d4 63       		.byte	0x63
 390 02d5 AF000000 		.4byte	0xaf
 391 02d9 53       		.byte	0x53
 392 02da 06       		.uleb128 0x6
 393 02db 0A080000 		.4byte	.LASF63
 394 02df 03       		.byte	0x3
 395 02e0 64       		.byte	0x64
 396 02e1 AF000000 		.4byte	0xaf
 397 02e5 54       		.byte	0x54
 398 02e6 06       		.uleb128 0x6
 399 02e7 94010000 		.4byte	.LASF64
ARM GAS  C:\Users\Patron\AppData\Local\Temp\ccjKvz8b.s 			page 8


 400 02eb 03       		.byte	0x3
 401 02ec 65       		.byte	0x65
 402 02ed AF000000 		.4byte	0xaf
 403 02f1 55       		.byte	0x55
 404 02f2 06       		.uleb128 0x6
 405 02f3 AC080000 		.4byte	.LASF65
 406 02f7 03       		.byte	0x3
 407 02f8 66       		.byte	0x66
 408 02f9 AF000000 		.4byte	0xaf
 409 02fd 56       		.byte	0x56
 410 02fe 06       		.uleb128 0x6
 411 02ff 67040000 		.4byte	.LASF66
 412 0303 03       		.byte	0x3
 413 0304 67       		.byte	0x67
 414 0305 AF000000 		.4byte	0xaf
 415 0309 57       		.byte	0x57
 416 030a 06       		.uleb128 0x6
 417 030b 12000000 		.4byte	.LASF67
 418 030f 03       		.byte	0x3
 419 0310 68       		.byte	0x68
 420 0311 AF000000 		.4byte	0xaf
 421 0315 58       		.byte	0x58
 422 0316 06       		.uleb128 0x6
 423 0317 CA070000 		.4byte	.LASF68
 424 031b 03       		.byte	0x3
 425 031c 69       		.byte	0x69
 426 031d AF000000 		.4byte	0xaf
 427 0321 59       		.byte	0x59
 428 0322 06       		.uleb128 0x6
 429 0323 99050000 		.4byte	.LASF69
 430 0327 03       		.byte	0x3
 431 0328 6E       		.byte	0x6e
 432 0329 C5000000 		.4byte	0xc5
 433 032d 5A       		.byte	0x5a
 434 032e 06       		.uleb128 0x6
 435 032f D3080000 		.4byte	.LASF70
 436 0333 03       		.byte	0x3
 437 0334 6F       		.byte	0x6f
 438 0335 C5000000 		.4byte	0xc5
 439 0339 5C       		.byte	0x5c
 440 033a 06       		.uleb128 0x6
 441 033b 18010000 		.4byte	.LASF71
 442 033f 03       		.byte	0x3
 443 0340 70       		.byte	0x70
 444 0341 AF000000 		.4byte	0xaf
 445 0345 5E       		.byte	0x5e
 446 0346 06       		.uleb128 0x6
 447 0347 66070000 		.4byte	.LASF72
 448 034b 03       		.byte	0x3
 449 034c 71       		.byte	0x71
 450 034d AF000000 		.4byte	0xaf
 451 0351 5F       		.byte	0x5f
 452 0352 06       		.uleb128 0x6
 453 0353 F9050000 		.4byte	.LASF73
 454 0357 03       		.byte	0x3
 455 0358 72       		.byte	0x72
 456 0359 AF000000 		.4byte	0xaf
ARM GAS  C:\Users\Patron\AppData\Local\Temp\ccjKvz8b.s 			page 9


 457 035d 60       		.byte	0x60
 458 035e 06       		.uleb128 0x6
 459 035f 3F070000 		.4byte	.LASF74
 460 0363 03       		.byte	0x3
 461 0364 73       		.byte	0x73
 462 0365 DB000000 		.4byte	0xdb
 463 0369 64       		.byte	0x64
 464 036a 06       		.uleb128 0x6
 465 036b 3E010000 		.4byte	.LASF75
 466 036f 03       		.byte	0x3
 467 0370 76       		.byte	0x76
 468 0371 C5000000 		.4byte	0xc5
 469 0375 68       		.byte	0x68
 470 0376 06       		.uleb128 0x6
 471 0377 2F040000 		.4byte	.LASF76
 472 037b 03       		.byte	0x3
 473 037c 77       		.byte	0x77
 474 037d C5000000 		.4byte	0xc5
 475 0381 6A       		.byte	0x6a
 476 0382 06       		.uleb128 0x6
 477 0383 7B040000 		.4byte	.LASF77
 478 0387 03       		.byte	0x3
 479 0388 78       		.byte	0x78
 480 0389 C5000000 		.4byte	0xc5
 481 038d 6C       		.byte	0x6c
 482 038e 06       		.uleb128 0x6
 483 038f A9040000 		.4byte	.LASF78
 484 0393 03       		.byte	0x3
 485 0394 79       		.byte	0x79
 486 0395 C5000000 		.4byte	0xc5
 487 0399 6E       		.byte	0x6e
 488 039a 06       		.uleb128 0x6
 489 039b E8070000 		.4byte	.LASF79
 490 039f 03       		.byte	0x3
 491 03a0 7B       		.byte	0x7b
 492 03a1 AF000000 		.4byte	0xaf
 493 03a5 70       		.byte	0x70
 494 03a6 06       		.uleb128 0x6
 495 03a7 CA010000 		.4byte	.LASF80
 496 03ab 03       		.byte	0x3
 497 03ac 7C       		.byte	0x7c
 498 03ad AF000000 		.4byte	0xaf
 499 03b1 71       		.byte	0x71
 500 03b2 06       		.uleb128 0x6
 501 03b3 380A0000 		.4byte	.LASF81
 502 03b7 03       		.byte	0x3
 503 03b8 7D       		.byte	0x7d
 504 03b9 AF000000 		.4byte	0xaf
 505 03bd 72       		.byte	0x72
 506 03be 06       		.uleb128 0x6
 507 03bf D4050000 		.4byte	.LASF82
 508 03c3 03       		.byte	0x3
 509 03c4 7E       		.byte	0x7e
 510 03c5 AF000000 		.4byte	0xaf
 511 03c9 73       		.byte	0x73
 512 03ca 06       		.uleb128 0x6
 513 03cb C2020000 		.4byte	.LASF83
ARM GAS  C:\Users\Patron\AppData\Local\Temp\ccjKvz8b.s 			page 10


 514 03cf 03       		.byte	0x3
 515 03d0 80       		.byte	0x80
 516 03d1 C5000000 		.4byte	0xc5
 517 03d5 74       		.byte	0x74
 518 03d6 06       		.uleb128 0x6
 519 03d7 72080000 		.4byte	.LASF84
 520 03db 03       		.byte	0x3
 521 03dc 81       		.byte	0x81
 522 03dd C5000000 		.4byte	0xc5
 523 03e1 76       		.byte	0x76
 524 03e2 06       		.uleb128 0x6
 525 03e3 A2020000 		.4byte	.LASF85
 526 03e7 03       		.byte	0x3
 527 03e8 82       		.byte	0x82
 528 03e9 C5000000 		.4byte	0xc5
 529 03ed 78       		.byte	0x78
 530 03ee 06       		.uleb128 0x6
 531 03ef 88000000 		.4byte	.LASF86
 532 03f3 03       		.byte	0x3
 533 03f4 83       		.byte	0x83
 534 03f5 C5000000 		.4byte	0xc5
 535 03f9 7A       		.byte	0x7a
 536 03fa 06       		.uleb128 0x6
 537 03fb E3090000 		.4byte	.LASF87
 538 03ff 03       		.byte	0x3
 539 0400 86       		.byte	0x86
 540 0401 AF000000 		.4byte	0xaf
 541 0405 7C       		.byte	0x7c
 542 0406 06       		.uleb128 0x6
 543 0407 F7080000 		.4byte	.LASF88
 544 040b 03       		.byte	0x3
 545 040c 87       		.byte	0x87
 546 040d AF000000 		.4byte	0xaf
 547 0411 7D       		.byte	0x7d
 548 0412 06       		.uleb128 0x6
 549 0413 26000000 		.4byte	.LASF89
 550 0417 03       		.byte	0x3
 551 0418 88       		.byte	0x88
 552 0419 AF000000 		.4byte	0xaf
 553 041d 7E       		.byte	0x7e
 554 041e 06       		.uleb128 0x6
 555 041f FE020000 		.4byte	.LASF90
 556 0423 03       		.byte	0x3
 557 0424 89       		.byte	0x89
 558 0425 AF000000 		.4byte	0xaf
 559 0429 7F       		.byte	0x7f
 560 042a 06       		.uleb128 0x6
 561 042b B2030000 		.4byte	.LASF91
 562 042f 03       		.byte	0x3
 563 0430 8A       		.byte	0x8a
 564 0431 AF000000 		.4byte	0xaf
 565 0435 80       		.byte	0x80
 566 0436 06       		.uleb128 0x6
 567 0437 24050000 		.4byte	.LASF92
 568 043b 03       		.byte	0x3
 569 043c 8D       		.byte	0x8d
 570 043d DB000000 		.4byte	0xdb
ARM GAS  C:\Users\Patron\AppData\Local\Temp\ccjKvz8b.s 			page 11


 571 0441 84       		.byte	0x84
 572 0442 06       		.uleb128 0x6
 573 0443 3B020000 		.4byte	.LASF93
 574 0447 03       		.byte	0x3
 575 0448 8E       		.byte	0x8e
 576 0449 DB000000 		.4byte	0xdb
 577 044d 88       		.byte	0x88
 578 044e 06       		.uleb128 0x6
 579 044f CE090000 		.4byte	.LASF94
 580 0453 03       		.byte	0x3
 581 0454 8F       		.byte	0x8f
 582 0455 DB000000 		.4byte	0xdb
 583 0459 8C       		.byte	0x8c
 584 045a 06       		.uleb128 0x6
 585 045b 5A050000 		.4byte	.LASF95
 586 045f 03       		.byte	0x3
 587 0460 90       		.byte	0x90
 588 0461 DB000000 		.4byte	0xdb
 589 0465 90       		.byte	0x90
 590 0466 06       		.uleb128 0x6
 591 0467 73030000 		.4byte	.LASF96
 592 046b 03       		.byte	0x3
 593 046c 91       		.byte	0x91
 594 046d DB000000 		.4byte	0xdb
 595 0471 94       		.byte	0x94
 596 0472 06       		.uleb128 0x6
 597 0473 0E050000 		.4byte	.LASF97
 598 0477 03       		.byte	0x3
 599 0478 92       		.byte	0x92
 600 0479 DB000000 		.4byte	0xdb
 601 047d 98       		.byte	0x98
 602 047e 06       		.uleb128 0x6
 603 047f F8090000 		.4byte	.LASF98
 604 0483 03       		.byte	0x3
 605 0484 93       		.byte	0x93
 606 0485 DB000000 		.4byte	0xdb
 607 0489 9C       		.byte	0x9c
 608 048a 06       		.uleb128 0x6
 609 048b 4E010000 		.4byte	.LASF99
 610 048f 03       		.byte	0x3
 611 0490 94       		.byte	0x94
 612 0491 DB000000 		.4byte	0xdb
 613 0495 A0       		.byte	0xa0
 614 0496 06       		.uleb128 0x6
 615 0497 F3010000 		.4byte	.LASF100
 616 049b 03       		.byte	0x3
 617 049c 95       		.byte	0x95
 618 049d C5000000 		.4byte	0xc5
 619 04a1 A4       		.byte	0xa4
 620 04a2 06       		.uleb128 0x6
 621 04a3 F9040000 		.4byte	.LASF101
 622 04a7 03       		.byte	0x3
 623 04a8 96       		.byte	0x96
 624 04a9 C5000000 		.4byte	0xc5
 625 04ad A6       		.byte	0xa6
 626 04ae 06       		.uleb128 0x6
 627 04af 5A070000 		.4byte	.LASF102
ARM GAS  C:\Users\Patron\AppData\Local\Temp\ccjKvz8b.s 			page 12


 628 04b3 03       		.byte	0x3
 629 04b4 97       		.byte	0x97
 630 04b5 C5000000 		.4byte	0xc5
 631 04b9 A8       		.byte	0xa8
 632 04ba 06       		.uleb128 0x6
 633 04bb 40080000 		.4byte	.LASF103
 634 04bf 03       		.byte	0x3
 635 04c0 98       		.byte	0x98
 636 04c1 C5000000 		.4byte	0xc5
 637 04c5 AA       		.byte	0xaa
 638 04c6 06       		.uleb128 0x6
 639 04c7 8A040000 		.4byte	.LASF104
 640 04cb 03       		.byte	0x3
 641 04cc 99       		.byte	0x99
 642 04cd C5000000 		.4byte	0xc5
 643 04d1 AC       		.byte	0xac
 644 04d2 06       		.uleb128 0x6
 645 04d3 EB050000 		.4byte	.LASF105
 646 04d7 03       		.byte	0x3
 647 04d8 9A       		.byte	0x9a
 648 04d9 C5000000 		.4byte	0xc5
 649 04dd AE       		.byte	0xae
 650 04de 06       		.uleb128 0x6
 651 04df DC080000 		.4byte	.LASF106
 652 04e3 03       		.byte	0x3
 653 04e4 9D       		.byte	0x9d
 654 04e5 C5000000 		.4byte	0xc5
 655 04e9 B0       		.byte	0xb0
 656 04ea 06       		.uleb128 0x6
 657 04eb 39000000 		.4byte	.LASF107
 658 04ef 03       		.byte	0x3
 659 04f0 9E       		.byte	0x9e
 660 04f1 DB000000 		.4byte	0xdb
 661 04f5 B4       		.byte	0xb4
 662 04f6 00       		.byte	0
 663 04f7 04       		.uleb128 0x4
 664 04f8 C2040000 		.4byte	.LASF108
 665 04fc 03       		.byte	0x3
 666 04fd 9F       		.byte	0x9f
 667 04fe E6000000 		.4byte	0xe6
 668 0502 03       		.uleb128 0x3
 669 0503 04       		.byte	0x4
 670 0504 04       		.byte	0x4
 671 0505 39070000 		.4byte	.LASF109
 672 0509 03       		.uleb128 0x3
 673 050a 08       		.byte	0x8
 674 050b 04       		.byte	0x4
 675 050c 9B020000 		.4byte	.LASF110
 676 0510 07       		.uleb128 0x7
 677 0511 02       		.byte	0x2
 678 0512 04       		.byte	0x4
 679 0513 6001     		.2byte	0x160
 680 0515 34050000 		.4byte	0x534
 681 0519 08       		.uleb128 0x8
 682 051a 0E0A0000 		.4byte	.LASF111
 683 051e 04       		.byte	0x4
 684 051f 6A01     		.2byte	0x16a
ARM GAS  C:\Users\Patron\AppData\Local\Temp\ccjKvz8b.s 			page 13


 685 0521 AF000000 		.4byte	0xaf
 686 0525 00       		.byte	0
 687 0526 08       		.uleb128 0x8
 688 0527 3B050000 		.4byte	.LASF112
 689 052b 04       		.byte	0x4
 690 052c 6E01     		.2byte	0x16e
 691 052e AF000000 		.4byte	0xaf
 692 0532 01       		.byte	0x1
 693 0533 00       		.byte	0
 694 0534 09       		.uleb128 0x9
 695 0535 D4000000 		.4byte	.LASF113
 696 0539 04       		.byte	0x4
 697 053a 7001     		.2byte	0x170
 698 053c 10050000 		.4byte	0x510
 699 0540 0A       		.uleb128 0xa
 700 0541 01       		.byte	0x1
 701 0542 4B000000 		.4byte	0x4b
 702 0546 05       		.byte	0x5
 703 0547 75       		.byte	0x75
 704 0548 65050000 		.4byte	0x565
 705 054c 0B       		.uleb128 0xb
 706 054d 28030000 		.4byte	.LASF114
 707 0551 00       		.byte	0
 708 0552 0B       		.uleb128 0xb
 709 0553 ED000000 		.4byte	.LASF115
 710 0557 01       		.byte	0x1
 711 0558 0B       		.uleb128 0xb
 712 0559 D2040000 		.4byte	.LASF116
 713 055d 02       		.byte	0x2
 714 055e 0B       		.uleb128 0xb
 715 055f 6F050000 		.4byte	.LASF117
 716 0563 03       		.byte	0x3
 717 0564 00       		.byte	0
 718 0565 04       		.uleb128 0x4
 719 0566 5C030000 		.4byte	.LASF118
 720 056a 05       		.byte	0x5
 721 056b 7A       		.byte	0x7a
 722 056c 40050000 		.4byte	0x540
 723 0570 0A       		.uleb128 0xa
 724 0571 01       		.byte	0x1
 725 0572 4B000000 		.4byte	0x4b
 726 0576 05       		.byte	0x5
 727 0577 7E       		.byte	0x7e
 728 0578 95050000 		.4byte	0x595
 729 057c 0B       		.uleb128 0xb
 730 057d AD090000 		.4byte	.LASF119
 731 0581 00       		.byte	0
 732 0582 0B       		.uleb128 0xb
 733 0583 B5050000 		.4byte	.LASF120
 734 0587 01       		.byte	0x1
 735 0588 0B       		.uleb128 0xb
 736 0589 90090000 		.4byte	.LASF121
 737 058d 02       		.byte	0x2
 738 058e 0B       		.uleb128 0xb
 739 058f 08020000 		.4byte	.LASF122
 740 0593 03       		.byte	0x3
 741 0594 00       		.byte	0
ARM GAS  C:\Users\Patron\AppData\Local\Temp\ccjKvz8b.s 			page 14


 742 0595 04       		.uleb128 0x4
 743 0596 60020000 		.4byte	.LASF123
 744 059a 05       		.byte	0x5
 745 059b 83       		.byte	0x83
 746 059c 70050000 		.4byte	0x570
 747 05a0 0A       		.uleb128 0xa
 748 05a1 01       		.byte	0x1
 749 05a2 4B000000 		.4byte	0x4b
 750 05a6 05       		.byte	0x5
 751 05a7 87       		.byte	0x87
 752 05a8 DD050000 		.4byte	0x5dd
 753 05ac 0B       		.uleb128 0xb
 754 05ad 08090000 		.4byte	.LASF124
 755 05b1 00       		.byte	0
 756 05b2 0B       		.uleb128 0xb
 757 05b3 600A0000 		.4byte	.LASF125
 758 05b7 01       		.byte	0x1
 759 05b8 0B       		.uleb128 0xb
 760 05b9 DF030000 		.4byte	.LASF126
 761 05bd 02       		.byte	0x2
 762 05be 0B       		.uleb128 0xb
 763 05bf 88030000 		.4byte	.LASF127
 764 05c3 03       		.byte	0x3
 765 05c4 0B       		.uleb128 0xb
 766 05c5 D4020000 		.4byte	.LASF128
 767 05c9 04       		.byte	0x4
 768 05ca 0B       		.uleb128 0xb
 769 05cb 84070000 		.4byte	.LASF129
 770 05cf 05       		.byte	0x5
 771 05d0 0B       		.uleb128 0xb
 772 05d1 FB030000 		.4byte	.LASF130
 773 05d5 06       		.byte	0x6
 774 05d6 0B       		.uleb128 0xb
 775 05d7 15070000 		.4byte	.LASF131
 776 05db 07       		.byte	0x7
 777 05dc 00       		.byte	0
 778 05dd 04       		.uleb128 0x4
 779 05de 15060000 		.4byte	.LASF132
 780 05e2 05       		.byte	0x5
 781 05e3 90       		.byte	0x90
 782 05e4 A0050000 		.4byte	0x5a0
 783 05e8 03       		.uleb128 0x3
 784 05e9 01       		.byte	0x1
 785 05ea 02       		.byte	0x2
 786 05eb AE070000 		.4byte	.LASF133
 787 05ef 0C       		.uleb128 0xc
 788 05f0 50070000 		.4byte	.LASF134
 789 05f4 03       		.byte	0x3
 790 05f5 A7       		.byte	0xa7
 791 05f6 FA050000 		.4byte	0x5fa
 792 05fa 0D       		.uleb128 0xd
 793 05fb 04       		.byte	0x4
 794 05fc 00060000 		.4byte	0x600
 795 0600 0E       		.uleb128 0xe
 796 0601 F7040000 		.4byte	0x4f7
 797 0605 0F       		.uleb128 0xf
 798 0606 64010000 		.4byte	.LASF135
ARM GAS  C:\Users\Patron\AppData\Local\Temp\ccjKvz8b.s 			page 15


 799 060a 06       		.byte	0x6
 800 060b F907     		.2byte	0x7f9
 801 060d 11060000 		.4byte	0x611
 802 0611 10       		.uleb128 0x10
 803 0612 D0000000 		.4byte	0xd0
 804 0616 0F       		.uleb128 0xf
 805 0617 8F080000 		.4byte	.LASF136
 806 061b 05       		.byte	0x5
 807 061c 2202     		.2byte	0x222
 808 061e 95050000 		.4byte	0x595
 809 0622 0F       		.uleb128 0xf
 810 0623 71010000 		.4byte	.LASF137
 811 0627 05       		.byte	0x5
 812 0628 2702     		.2byte	0x227
 813 062a 65050000 		.4byte	0x565
 814 062e 11       		.uleb128 0x11
 815 062f 34050000 		.4byte	0x534
 816 0633 3E060000 		.4byte	0x63e
 817 0637 12       		.uleb128 0x12
 818 0638 A1000000 		.4byte	0xa1
 819 063c 01       		.byte	0x1
 820 063d 00       		.byte	0
 821 063e 0F       		.uleb128 0xf
 822 063f 27090000 		.4byte	.LASF138
 823 0643 05       		.byte	0x5
 824 0644 2C02     		.2byte	0x22c
 825 0646 2E060000 		.4byte	0x62e
 826 064a 11       		.uleb128 0x11
 827 064b DD050000 		.4byte	0x5dd
 828 064f 5A060000 		.4byte	0x65a
 829 0653 12       		.uleb128 0x12
 830 0654 A1000000 		.4byte	0xa1
 831 0658 01       		.byte	0x1
 832 0659 00       		.byte	0
 833 065a 0F       		.uleb128 0xf
 834 065b 98040000 		.4byte	.LASF139
 835 065f 05       		.byte	0x5
 836 0660 2D02     		.2byte	0x22d
 837 0662 4A060000 		.4byte	0x64a
 838 0666 0F       		.uleb128 0xf
 839 0667 59080000 		.4byte	.LASF140
 840 066b 05       		.byte	0x5
 841 066c 5202     		.2byte	0x252
 842 066e AF000000 		.4byte	0xaf
 843 0672 00       		.byte	0
 844              		.section	.debug_abbrev,"",%progbits
 845              	.Ldebug_abbrev0:
 846 0000 01       		.uleb128 0x1
 847 0001 11       		.uleb128 0x11
 848 0002 01       		.byte	0x1
 849 0003 25       		.uleb128 0x25
 850 0004 0E       		.uleb128 0xe
 851 0005 13       		.uleb128 0x13
 852 0006 0B       		.uleb128 0xb
 853 0007 03       		.uleb128 0x3
 854 0008 0E       		.uleb128 0xe
 855 0009 1B       		.uleb128 0x1b
ARM GAS  C:\Users\Patron\AppData\Local\Temp\ccjKvz8b.s 			page 16


 856 000a 0E       		.uleb128 0xe
 857 000b 10       		.uleb128 0x10
 858 000c 17       		.uleb128 0x17
 859 000d 00       		.byte	0
 860 000e 00       		.byte	0
 861 000f 02       		.uleb128 0x2
 862 0010 24       		.uleb128 0x24
 863 0011 00       		.byte	0
 864 0012 0B       		.uleb128 0xb
 865 0013 0B       		.uleb128 0xb
 866 0014 3E       		.uleb128 0x3e
 867 0015 0B       		.uleb128 0xb
 868 0016 03       		.uleb128 0x3
 869 0017 08       		.uleb128 0x8
 870 0018 00       		.byte	0
 871 0019 00       		.byte	0
 872 001a 03       		.uleb128 0x3
 873 001b 24       		.uleb128 0x24
 874 001c 00       		.byte	0
 875 001d 0B       		.uleb128 0xb
 876 001e 0B       		.uleb128 0xb
 877 001f 3E       		.uleb128 0x3e
 878 0020 0B       		.uleb128 0xb
 879 0021 03       		.uleb128 0x3
 880 0022 0E       		.uleb128 0xe
 881 0023 00       		.byte	0
 882 0024 00       		.byte	0
 883 0025 04       		.uleb128 0x4
 884 0026 16       		.uleb128 0x16
 885 0027 00       		.byte	0
 886 0028 03       		.uleb128 0x3
 887 0029 0E       		.uleb128 0xe
 888 002a 3A       		.uleb128 0x3a
 889 002b 0B       		.uleb128 0xb
 890 002c 3B       		.uleb128 0x3b
 891 002d 0B       		.uleb128 0xb
 892 002e 49       		.uleb128 0x49
 893 002f 13       		.uleb128 0x13
 894 0030 00       		.byte	0
 895 0031 00       		.byte	0
 896 0032 05       		.uleb128 0x5
 897 0033 13       		.uleb128 0x13
 898 0034 01       		.byte	0x1
 899 0035 0B       		.uleb128 0xb
 900 0036 0B       		.uleb128 0xb
 901 0037 3A       		.uleb128 0x3a
 902 0038 0B       		.uleb128 0xb
 903 0039 3B       		.uleb128 0x3b
 904 003a 0B       		.uleb128 0xb
 905 003b 01       		.uleb128 0x1
 906 003c 13       		.uleb128 0x13
 907 003d 00       		.byte	0
 908 003e 00       		.byte	0
 909 003f 06       		.uleb128 0x6
 910 0040 0D       		.uleb128 0xd
 911 0041 00       		.byte	0
 912 0042 03       		.uleb128 0x3
ARM GAS  C:\Users\Patron\AppData\Local\Temp\ccjKvz8b.s 			page 17


 913 0043 0E       		.uleb128 0xe
 914 0044 3A       		.uleb128 0x3a
 915 0045 0B       		.uleb128 0xb
 916 0046 3B       		.uleb128 0x3b
 917 0047 0B       		.uleb128 0xb
 918 0048 49       		.uleb128 0x49
 919 0049 13       		.uleb128 0x13
 920 004a 38       		.uleb128 0x38
 921 004b 0B       		.uleb128 0xb
 922 004c 00       		.byte	0
 923 004d 00       		.byte	0
 924 004e 07       		.uleb128 0x7
 925 004f 13       		.uleb128 0x13
 926 0050 01       		.byte	0x1
 927 0051 0B       		.uleb128 0xb
 928 0052 0B       		.uleb128 0xb
 929 0053 3A       		.uleb128 0x3a
 930 0054 0B       		.uleb128 0xb
 931 0055 3B       		.uleb128 0x3b
 932 0056 05       		.uleb128 0x5
 933 0057 01       		.uleb128 0x1
 934 0058 13       		.uleb128 0x13
 935 0059 00       		.byte	0
 936 005a 00       		.byte	0
 937 005b 08       		.uleb128 0x8
 938 005c 0D       		.uleb128 0xd
 939 005d 00       		.byte	0
 940 005e 03       		.uleb128 0x3
 941 005f 0E       		.uleb128 0xe
 942 0060 3A       		.uleb128 0x3a
 943 0061 0B       		.uleb128 0xb
 944 0062 3B       		.uleb128 0x3b
 945 0063 05       		.uleb128 0x5
 946 0064 49       		.uleb128 0x49
 947 0065 13       		.uleb128 0x13
 948 0066 38       		.uleb128 0x38
 949 0067 0B       		.uleb128 0xb
 950 0068 00       		.byte	0
 951 0069 00       		.byte	0
 952 006a 09       		.uleb128 0x9
 953 006b 16       		.uleb128 0x16
 954 006c 00       		.byte	0
 955 006d 03       		.uleb128 0x3
 956 006e 0E       		.uleb128 0xe
 957 006f 3A       		.uleb128 0x3a
 958 0070 0B       		.uleb128 0xb
 959 0071 3B       		.uleb128 0x3b
 960 0072 05       		.uleb128 0x5
 961 0073 49       		.uleb128 0x49
 962 0074 13       		.uleb128 0x13
 963 0075 00       		.byte	0
 964 0076 00       		.byte	0
 965 0077 0A       		.uleb128 0xa
 966 0078 04       		.uleb128 0x4
 967 0079 01       		.byte	0x1
 968 007a 0B       		.uleb128 0xb
 969 007b 0B       		.uleb128 0xb
ARM GAS  C:\Users\Patron\AppData\Local\Temp\ccjKvz8b.s 			page 18


 970 007c 49       		.uleb128 0x49
 971 007d 13       		.uleb128 0x13
 972 007e 3A       		.uleb128 0x3a
 973 007f 0B       		.uleb128 0xb
 974 0080 3B       		.uleb128 0x3b
 975 0081 0B       		.uleb128 0xb
 976 0082 01       		.uleb128 0x1
 977 0083 13       		.uleb128 0x13
 978 0084 00       		.byte	0
 979 0085 00       		.byte	0
 980 0086 0B       		.uleb128 0xb
 981 0087 28       		.uleb128 0x28
 982 0088 00       		.byte	0
 983 0089 03       		.uleb128 0x3
 984 008a 0E       		.uleb128 0xe
 985 008b 1C       		.uleb128 0x1c
 986 008c 0B       		.uleb128 0xb
 987 008d 00       		.byte	0
 988 008e 00       		.byte	0
 989 008f 0C       		.uleb128 0xc
 990 0090 34       		.uleb128 0x34
 991 0091 00       		.byte	0
 992 0092 03       		.uleb128 0x3
 993 0093 0E       		.uleb128 0xe
 994 0094 3A       		.uleb128 0x3a
 995 0095 0B       		.uleb128 0xb
 996 0096 3B       		.uleb128 0x3b
 997 0097 0B       		.uleb128 0xb
 998 0098 49       		.uleb128 0x49
 999 0099 13       		.uleb128 0x13
 1000 009a 3F       		.uleb128 0x3f
 1001 009b 19       		.uleb128 0x19
 1002 009c 3C       		.uleb128 0x3c
 1003 009d 19       		.uleb128 0x19
 1004 009e 00       		.byte	0
 1005 009f 00       		.byte	0
 1006 00a0 0D       		.uleb128 0xd
 1007 00a1 0F       		.uleb128 0xf
 1008 00a2 00       		.byte	0
 1009 00a3 0B       		.uleb128 0xb
 1010 00a4 0B       		.uleb128 0xb
 1011 00a5 49       		.uleb128 0x49
 1012 00a6 13       		.uleb128 0x13
 1013 00a7 00       		.byte	0
 1014 00a8 00       		.byte	0
 1015 00a9 0E       		.uleb128 0xe
 1016 00aa 26       		.uleb128 0x26
 1017 00ab 00       		.byte	0
 1018 00ac 49       		.uleb128 0x49
 1019 00ad 13       		.uleb128 0x13
 1020 00ae 00       		.byte	0
 1021 00af 00       		.byte	0
 1022 00b0 0F       		.uleb128 0xf
 1023 00b1 34       		.uleb128 0x34
 1024 00b2 00       		.byte	0
 1025 00b3 03       		.uleb128 0x3
 1026 00b4 0E       		.uleb128 0xe
ARM GAS  C:\Users\Patron\AppData\Local\Temp\ccjKvz8b.s 			page 19


 1027 00b5 3A       		.uleb128 0x3a
 1028 00b6 0B       		.uleb128 0xb
 1029 00b7 3B       		.uleb128 0x3b
 1030 00b8 05       		.uleb128 0x5
 1031 00b9 49       		.uleb128 0x49
 1032 00ba 13       		.uleb128 0x13
 1033 00bb 3F       		.uleb128 0x3f
 1034 00bc 19       		.uleb128 0x19
 1035 00bd 3C       		.uleb128 0x3c
 1036 00be 19       		.uleb128 0x19
 1037 00bf 00       		.byte	0
 1038 00c0 00       		.byte	0
 1039 00c1 10       		.uleb128 0x10
 1040 00c2 35       		.uleb128 0x35
 1041 00c3 00       		.byte	0
 1042 00c4 49       		.uleb128 0x49
 1043 00c5 13       		.uleb128 0x13
 1044 00c6 00       		.byte	0
 1045 00c7 00       		.byte	0
 1046 00c8 11       		.uleb128 0x11
 1047 00c9 01       		.uleb128 0x1
 1048 00ca 01       		.byte	0x1
 1049 00cb 49       		.uleb128 0x49
 1050 00cc 13       		.uleb128 0x13
 1051 00cd 01       		.uleb128 0x1
 1052 00ce 13       		.uleb128 0x13
 1053 00cf 00       		.byte	0
 1054 00d0 00       		.byte	0
 1055 00d1 12       		.uleb128 0x12
 1056 00d2 21       		.uleb128 0x21
 1057 00d3 00       		.byte	0
 1058 00d4 49       		.uleb128 0x49
 1059 00d5 13       		.uleb128 0x13
 1060 00d6 2F       		.uleb128 0x2f
 1061 00d7 0B       		.uleb128 0xb
 1062 00d8 00       		.byte	0
 1063 00d9 00       		.byte	0
 1064 00da 00       		.byte	0
 1065              		.section	.debug_aranges,"",%progbits
 1066 0000 14000000 		.4byte	0x14
 1067 0004 0200     		.2byte	0x2
 1068 0006 00000000 		.4byte	.Ldebug_info0
 1069 000a 04       		.byte	0x4
 1070 000b 00       		.byte	0
 1071 000c 0000     		.2byte	0
 1072 000e 0000     		.2byte	0
 1073 0010 00000000 		.4byte	0
 1074 0014 00000000 		.4byte	0
 1075              		.section	.debug_line,"",%progbits
 1076              	.Ldebug_line0:
 1077 0000 DB010000 		.section	.debug_str,"MS",%progbits,1
 1077      0200D501 
 1077      00000201 
 1077      FB0E0D00 
 1077      01010101 
 1078              	.LASF57:
 1079 0000 70726F74 		.ascii	"protBusMasterMask\000"
ARM GAS  C:\Users\Patron\AppData\Local\Temp\ccjKvz8b.s 			page 20


 1079      4275734D 
 1079      61737465 
 1079      724D6173 
 1079      6B00
 1080              	.LASF67:
 1081 0012 666C6173 		.ascii	"flashCtlMainWs3Freq\000"
 1081      6843746C 
 1081      4D61696E 
 1081      57733346 
 1081      72657100 
 1082              	.LASF89:
 1083 0026 6770696F 		.ascii	"gpioPrtCfgInOffset\000"
 1083      50727443 
 1083      6667496E 
 1083      4F666673 
 1083      657400
 1084              	.LASF107:
 1085 0039 6970634C 		.ascii	"ipcLockStatusOffset\000"
 1085      6F636B53 
 1085      74617475 
 1085      734F6666 
 1085      73657400 
 1086              	.LASF33:
 1087 004d 63727970 		.ascii	"cryptoVersion\000"
 1087      746F5665 
 1087      7273696F 
 1087      6E00
 1088              	.LASF51:
 1089 005b 70657269 		.ascii	"periClockNr\000"
 1089      436C6F63 
 1089      6B4E7200 
 1090              	.LASF29:
 1091 0067 70617373 		.ascii	"passBase\000"
 1091      42617365 
 1091      00
 1092              	.LASF42:
 1093 0070 63707573 		.ascii	"cpussIpcIrqNr\000"
 1093      73497063 
 1093      4972714E 
 1093      7200
 1094              	.LASF5:
 1095 007e 5F5F7569 		.ascii	"__uint8_t\000"
 1095      6E74385F 
 1095      7400
 1096              	.LASF86:
 1097 0088 70657269 		.ascii	"periDiv24_5CtlOffset\000"
 1097      44697632 
 1097      345F3543 
 1097      746C4F66 
 1097      66736574 
 1098              	.LASF142:
 1099 009d 47656E65 		.ascii	"Generated_Source\\PSoC6\\pdl\\middleware\\ble\\cy_b"
 1099      72617465 
 1099      645F536F 
 1099      75726365 
 1099      5C50536F 
 1100 00cb 6C655F61 		.ascii	"le_ans.c\000"
ARM GAS  C:\Users\Patron\AppData\Local\Temp\ccjKvz8b.s 			page 21


 1100      6E732E63 
 1100      00
 1101              	.LASF113:
 1102 00d4 63795F73 		.ascii	"cy_stc_ble_conn_handle_t\000"
 1102      74635F62 
 1102      6C655F63 
 1102      6F6E6E5F 
 1102      68616E64 
 1103              	.LASF115:
 1104 00ed 43595F42 		.ascii	"CY_BLE_SCAN_STATE_SCAN_INITIATED\000"
 1104      4C455F53 
 1104      43414E5F 
 1104      53544154 
 1104      455F5343 
 1105              	.LASF22:
 1106 010e 63707573 		.ascii	"cpussBase\000"
 1106      73426173 
 1106      6500
 1107              	.LASF71:
 1108 0118 64774368 		.ascii	"dwChCtlPrioPos\000"
 1108      43746C50 
 1108      72696F50 
 1108      6F7300
 1109              	.LASF14:
 1110 0127 6C6F6E67 		.ascii	"long long unsigned int\000"
 1110      206C6F6E 
 1110      6720756E 
 1110      7369676E 
 1110      65642069 
 1111              	.LASF75:
 1112 013e 70657269 		.ascii	"periTrCmdOffset\000"
 1112      5472436D 
 1112      644F6666 
 1112      73657400 
 1113              	.LASF99:
 1114 014e 63707573 		.ascii	"cpussSysTickCtlOffset\000"
 1114      73537973 
 1114      5469636B 
 1114      43746C4F 
 1114      66667365 
 1115              	.LASF135:
 1116 0164 49544D5F 		.ascii	"ITM_RxBuffer\000"
 1116      52784275 
 1116      66666572 
 1116      00
 1117              	.LASF137:
 1118 0171 63795F62 		.ascii	"cy_ble_scanState\000"
 1118      6C655F73 
 1118      63616E53 
 1118      74617465 
 1118      00
 1119              	.LASF60:
 1120 0182 666C6173 		.ascii	"flashPipeRequired\000"
 1120      68506970 
 1120      65526571 
 1120      75697265 
 1120      6400
ARM GAS  C:\Users\Patron\AppData\Local\Temp\ccjKvz8b.s 			page 22


 1121              	.LASF64:
 1122 0194 666C6173 		.ascii	"flashCtlMainWs0Freq\000"
 1122      6843746C 
 1122      4D61696E 
 1122      57733046 
 1122      72657100 
 1123              	.LASF18:
 1124 01a8 696E7431 		.ascii	"int16_t\000"
 1124      365F7400 
 1125              	.LASF1:
 1126 01b0 6C6F6E67 		.ascii	"long long int\000"
 1126      206C6F6E 
 1126      6720696E 
 1126      7400
 1127              	.LASF3:
 1128 01be 7369676E 		.ascii	"signed char\000"
 1128      65642063 
 1128      68617200 
 1129              	.LASF80:
 1130 01ca 70657269 		.ascii	"periDivCmdTypeSelPos\000"
 1130      44697643 
 1130      6D645479 
 1130      70655365 
 1130      6C506F73 
 1131              	.LASF26:
 1132 01df 70726F74 		.ascii	"protBase\000"
 1132      42617365 
 1132      00
 1133              	.LASF38:
 1134 01e8 69706356 		.ascii	"ipcVersion\000"
 1134      65727369 
 1134      6F6E00
 1135              	.LASF100:
 1136 01f3 63707573 		.ascii	"cpussCm0NmiCtlOffset\000"
 1136      73436D30 
 1136      4E6D6943 
 1136      746C4F66 
 1136      66736574 
 1137              	.LASF122:
 1138 0208 43595F42 		.ascii	"CY_BLE_ADV_STATE_STOP_INITIATED\000"
 1138      4C455F41 
 1138      44565F53 
 1138      54415445 
 1138      5F53544F 
 1139              	.LASF27:
 1140 0228 6873696F 		.ascii	"hsiomBase\000"
 1140      6D426173 
 1140      6500
 1141              	.LASF11:
 1142 0232 6C6F6E67 		.ascii	"long int\000"
 1142      20696E74 
 1142      00
 1143              	.LASF93:
 1144 023b 63707573 		.ascii	"cpussCm4ClockCtlOffset\000"
 1144      73436D34 
 1144      436C6F63 
 1144      6B43746C 
ARM GAS  C:\Users\Patron\AppData\Local\Temp\ccjKvz8b.s 			page 23


 1144      4F666673 
 1145              	.LASF58:
 1146 0252 63727970 		.ascii	"cryptoMemSize\000"
 1146      746F4D65 
 1146      6D53697A 
 1146      6500
 1147              	.LASF123:
 1148 0260 63795F65 		.ascii	"cy_en_ble_adv_state_t\000"
 1148      6E5F626C 
 1148      655F6164 
 1148      765F7374 
 1148      6174655F 
 1149              	.LASF24:
 1150 0276 70657269 		.ascii	"periBase\000"
 1150      42617365 
 1150      00
 1151              	.LASF56:
 1152 027f 73797350 		.ascii	"sysPmSimoPresent\000"
 1152      6D53696D 
 1152      6F507265 
 1152      73656E74 
 1152      00
 1153              	.LASF46:
 1154 0290 63707573 		.ascii	"cpussFmIrq\000"
 1154      73466D49 
 1154      727100
 1155              	.LASF110:
 1156 029b 646F7562 		.ascii	"double\000"
 1156      6C6500
 1157              	.LASF85:
 1158 02a2 70657269 		.ascii	"periDiv16_5CtlOffset\000"
 1158      44697631 
 1158      365F3543 
 1158      746C4F66 
 1158      66736574 
 1159              	.LASF49:
 1160 02b7 73727373 		.ascii	"srssNumPll\000"
 1160      4E756D50 
 1160      6C6C00
 1161              	.LASF83:
 1162 02c2 70657269 		.ascii	"periDiv8CtlOffset\000"
 1162      44697638 
 1162      43746C4F 
 1162      66667365 
 1162      7400
 1163              	.LASF128:
 1164 02d4 43595F42 		.ascii	"CY_BLE_CONN_STATE_CLIENT_INCL_DISCOVERING\000"
 1164      4C455F43 
 1164      4F4E4E5F 
 1164      53544154 
 1164      455F434C 
 1165              	.LASF90:
 1166 02fe 6770696F 		.ascii	"gpioPrtCfgOutOffset\000"
 1166      50727443 
 1166      66674F75 
 1166      744F6666 
 1166      73657400 
ARM GAS  C:\Users\Patron\AppData\Local\Temp\ccjKvz8b.s 			page 24


 1167              	.LASF23:
 1168 0312 666C6173 		.ascii	"flashcBase\000"
 1168      68634261 
 1168      736500
 1169              	.LASF12:
 1170 031d 5F5F7569 		.ascii	"__uint32_t\000"
 1170      6E743332 
 1170      5F7400
 1171              	.LASF114:
 1172 0328 43595F42 		.ascii	"CY_BLE_SCAN_STATE_STOPPED\000"
 1172      4C455F53 
 1172      43414E5F 
 1172      53544154 
 1172      455F5354 
 1173              	.LASF53:
 1174 0342 70617373 		.ascii	"passSarChannels\000"
 1174      53617243 
 1174      68616E6E 
 1174      656C7300 
 1175              	.LASF6:
 1176 0352 5F5F696E 		.ascii	"__int16_t\000"
 1176      7431365F 
 1176      7400
 1177              	.LASF118:
 1178 035c 63795F65 		.ascii	"cy_en_ble_scan_state_t\000"
 1178      6E5F626C 
 1178      655F7363 
 1178      616E5F73 
 1178      74617465 
 1179              	.LASF96:
 1180 0373 63707573 		.ascii	"cpussCm4PwrCtlOffset\000"
 1180      73436D34 
 1180      50777243 
 1180      746C4F66 
 1180      66736574 
 1181              	.LASF127:
 1182 0388 43595F42 		.ascii	"CY_BLE_CONN_STATE_CLIENT_SRVC_DISCOVERING\000"
 1182      4C455F43 
 1182      4F4E4E5F 
 1182      53544154 
 1182      455F434C 
 1183              	.LASF91:
 1184 03b2 6770696F 		.ascii	"gpioPrtCfgSioOffset\000"
 1184      50727443 
 1184      66675369 
 1184      6F4F6666 
 1184      73657400 
 1185              	.LASF43:
 1186 03c6 63707573 		.ascii	"cpussDwChNr\000"
 1186      73447743 
 1186      684E7200 
 1187              	.LASF0:
 1188 03d2 756E7369 		.ascii	"unsigned int\000"
 1188      676E6564 
 1188      20696E74 
 1188      00
 1189              	.LASF126:
ARM GAS  C:\Users\Patron\AppData\Local\Temp\ccjKvz8b.s 			page 25


 1190 03df 43595F42 		.ascii	"CY_BLE_CONN_STATE_CONNECTED\000"
 1190      4C455F43 
 1190      4F4E4E5F 
 1190      53544154 
 1190      455F434F 
 1191              	.LASF130:
 1192 03fb 43595F42 		.ascii	"CY_BLE_CONN_STATE_CLIENT_DESCR_DISCOVERING\000"
 1192      4C455F43 
 1192      4F4E4E5F 
 1192      53544154 
 1192      455F434C 
 1193              	.LASF19:
 1194 0426 75696E74 		.ascii	"uint16_t\000"
 1194      31365F74 
 1194      00
 1195              	.LASF76:
 1196 042f 70657269 		.ascii	"periTrCmdGrSelMsk\000"
 1196      5472436D 
 1196      64477253 
 1196      656C4D73 
 1196      6B00
 1197              	.LASF13:
 1198 0441 6C6F6E67 		.ascii	"long unsigned int\000"
 1198      20756E73 
 1198      69676E65 
 1198      6420696E 
 1198      7400
 1199              	.LASF41:
 1200 0453 63707573 		.ascii	"cpussIpcNr\000"
 1200      73497063 
 1200      4E7200
 1201              	.LASF28:
 1202 045e 6770696F 		.ascii	"gpioBase\000"
 1202      42617365 
 1202      00
 1203              	.LASF66:
 1204 0467 666C6173 		.ascii	"flashCtlMainWs2Freq\000"
 1204      6843746C 
 1204      4D61696E 
 1204      57733246 
 1204      72657100 
 1205              	.LASF77:
 1206 047b 70657269 		.ascii	"periTrGrOffset\000"
 1206      54724772 
 1206      4F666673 
 1206      657400
 1207              	.LASF104:
 1208 048a 63707573 		.ascii	"cpussRam1Ctl0\000"
 1208      7352616D 
 1208      3143746C 
 1208      3000
 1209              	.LASF139:
 1210 0498 63795F62 		.ascii	"cy_ble_connState\000"
 1210      6C655F63 
 1210      6F6E6E53 
 1210      74617465 
 1210      00
ARM GAS  C:\Users\Patron\AppData\Local\Temp\ccjKvz8b.s 			page 26


 1211              	.LASF78:
 1212 04a9 70657269 		.ascii	"periTrGrSize\000"
 1212      54724772 
 1212      53697A65 
 1212      00
 1213              	.LASF36:
 1214 04b6 6770696F 		.ascii	"gpioVersion\000"
 1214      56657273 
 1214      696F6E00 
 1215              	.LASF108:
 1216 04c2 63795F73 		.ascii	"cy_stc_device_t\000"
 1216      74635F64 
 1216      65766963 
 1216      655F7400 
 1217              	.LASF116:
 1218 04d2 43595F42 		.ascii	"CY_BLE_SCAN_STATE_SCANNING\000"
 1218      4C455F53 
 1218      43414E5F 
 1218      53544154 
 1218      455F5343 
 1219              	.LASF54:
 1220 04ed 65704D6F 		.ascii	"epMonitorNr\000"
 1220      6E69746F 
 1220      724E7200 
 1221              	.LASF101:
 1222 04f9 63707573 		.ascii	"cpussCm4NmiCtlOffset\000"
 1222      73436D34 
 1222      4E6D6943 
 1222      746C4F66 
 1222      66736574 
 1223              	.LASF97:
 1224 050e 63707573 		.ascii	"cpussTrimRamCtlOffset\000"
 1224      73547269 
 1224      6D52616D 
 1224      43746C4F 
 1224      66667365 
 1225              	.LASF92:
 1226 0524 63707573 		.ascii	"cpussCm0ClockCtlOffset\000"
 1226      73436D30 
 1226      436C6F63 
 1226      6B43746C 
 1226      4F666673 
 1227              	.LASF112:
 1228 053b 61747449 		.ascii	"attId\000"
 1228      6400
 1229              	.LASF32:
 1230 0541 63707573 		.ascii	"cpussVersion\000"
 1230      73566572 
 1230      73696F6E 
 1230      00
 1231              	.LASF39:
 1232 054e 70657269 		.ascii	"periVersion\000"
 1232      56657273 
 1232      696F6E00 
 1233              	.LASF95:
 1234 055a 63707573 		.ascii	"cpussCm0StatusOffset\000"
 1234      73436D30 
ARM GAS  C:\Users\Patron\AppData\Local\Temp\ccjKvz8b.s 			page 27


 1234      53746174 
 1234      75734F66 
 1234      66736574 
 1235              	.LASF117:
 1236 056f 43595F42 		.ascii	"CY_BLE_SCAN_STATE_STOP_INITIATED\000"
 1236      4C455F53 
 1236      43414E5F 
 1236      53544154 
 1236      455F5354 
 1237              	.LASF15:
 1238 0590 73697A65 		.ascii	"sizetype\000"
 1238      74797065 
 1238      00
 1239              	.LASF69:
 1240 0599 64774368 		.ascii	"dwChOffset\000"
 1240      4F666673 
 1240      657400
 1241              	.LASF44:
 1242 05a4 63707573 		.ascii	"cpussFlashPaSize\000"
 1242      73466C61 
 1242      73685061 
 1242      53697A65 
 1242      00
 1243              	.LASF120:
 1244 05b5 43595F42 		.ascii	"CY_BLE_ADV_STATE_ADV_INITIATED\000"
 1244      4C455F41 
 1244      44565F53 
 1244      54415445 
 1244      5F414456 
 1245              	.LASF82:
 1246 05d4 70657269 		.ascii	"periDivCmdPaTypeSelPos\000"
 1246      44697643 
 1246      6D645061 
 1246      54797065 
 1246      53656C50 
 1247              	.LASF105:
 1248 05eb 63707573 		.ascii	"cpussRam2Ctl0\000"
 1248      7352616D 
 1248      3243746C 
 1248      3000
 1249              	.LASF73:
 1250 05f9 64775374 		.ascii	"dwStatusChIdxPos\000"
 1250      61747573 
 1250      43684964 
 1250      78506F73 
 1250      00
 1251              	.LASF55:
 1252 060a 75646250 		.ascii	"udbPresent\000"
 1252      72657365 
 1252      6E7400
 1253              	.LASF132:
 1254 0615 63795F65 		.ascii	"cy_en_ble_conn_state_t\000"
 1254      6E5F626C 
 1254      655F636F 
 1254      6E6E5F73 
 1254      74617465 
 1255              	.LASF35:
ARM GAS  C:\Users\Patron\AppData\Local\Temp\ccjKvz8b.s 			page 28


 1256 062c 666C6173 		.ascii	"flashcVersion\000"
 1256      68635665 
 1256      7273696F 
 1256      6E00
 1257              	.LASF31:
 1258 063a 63727970 		.ascii	"cryptoBase\000"
 1258      746F4261 
 1258      736500
 1259              	.LASF52:
 1260 0645 736D6966 		.ascii	"smifDeviceNr\000"
 1260      44657669 
 1260      63654E72 
 1260      00
 1261              	.LASF141:
 1262 0652 474E5520 		.ascii	"GNU C11 5.4.1 20160609 (release) [ARM/embedded-5-br"
 1262      43313120 
 1262      352E342E 
 1262      31203230 
 1262      31363036 
 1263 0685 616E6368 		.ascii	"anch revision 237715] -mcpu=cortex-m4 -mfloat-abi=s"
 1263      20726576 
 1263      6973696F 
 1263      6E203233 
 1263      37373135 
 1264 06b8 6F667466 		.ascii	"oftfp -mfpu=fpv4-sp-d16 -mthumb -g -Og -ffunction-s"
 1264      70202D6D 
 1264      6670753D 
 1264      66707634 
 1264      2D73702D 
 1265 06eb 65637469 		.ascii	"ections -ffat-lto-objects\000"
 1265      6F6E7320 
 1265      2D666661 
 1265      742D6C74 
 1265      6F2D6F62 
 1266              	.LASF61:
 1267 0705 666C6173 		.ascii	"flashWriteDelay\000"
 1267      68577269 
 1267      74654465 
 1267      6C617900 
 1268              	.LASF131:
 1269 0715 43595F42 		.ascii	"CY_BLE_CONN_STATE_CLIENT_DISCOVERED\000"
 1269      4C455F43 
 1269      4F4E4E5F 
 1269      53544154 
 1269      455F434C 
 1270              	.LASF109:
 1271 0739 666C6F61 		.ascii	"float\000"
 1271      7400
 1272              	.LASF74:
 1273 073f 64775374 		.ascii	"dwStatusChIdxMsk\000"
 1273      61747573 
 1273      43684964 
 1273      784D736B 
 1273      00
 1274              	.LASF134:
 1275 0750 63795F64 		.ascii	"cy_device\000"
 1275      65766963 
ARM GAS  C:\Users\Patron\AppData\Local\Temp\ccjKvz8b.s 			page 29


 1275      6500
 1276              	.LASF102:
 1277 075a 63707573 		.ascii	"cpussRomCtl\000"
 1277      73526F6D 
 1277      43746C00 
 1278              	.LASF72:
 1279 0766 64774368 		.ascii	"dwChCtlPreemptablePos\000"
 1279      43746C50 
 1279      7265656D 
 1279      70746162 
 1279      6C65506F 
 1280              	.LASF25:
 1281 077c 75646242 		.ascii	"udbBase\000"
 1281      61736500 
 1282              	.LASF129:
 1283 0784 43595F42 		.ascii	"CY_BLE_CONN_STATE_CLIENT_CHAR_DISCOVERING\000"
 1283      4C455F43 
 1283      4F4E4E5F 
 1283      53544154 
 1283      455F434C 
 1284              	.LASF133:
 1285 07ae 5F426F6F 		.ascii	"_Bool\000"
 1285      6C00
 1286              	.LASF20:
 1287 07b4 696E7433 		.ascii	"int32_t\000"
 1287      325F7400 
 1288              	.LASF4:
 1289 07bc 756E7369 		.ascii	"unsigned char\000"
 1289      676E6564 
 1289      20636861 
 1289      7200
 1290              	.LASF68:
 1291 07ca 666C6173 		.ascii	"flashCtlMainWs4Freq\000"
 1291      6843746C 
 1291      4D61696E 
 1291      57733446 
 1291      72657100 
 1292              	.LASF7:
 1293 07de 73686F72 		.ascii	"short int\000"
 1293      7420696E 
 1293      7400
 1294              	.LASF79:
 1295 07e8 70657269 		.ascii	"periDivCmdDivSelMsk\000"
 1295      44697643 
 1295      6D644469 
 1295      7653656C 
 1295      4D736B00 
 1296              	.LASF50:
 1297 07fc 73727373 		.ascii	"srssNumHfroot\000"
 1297      4E756D48 
 1297      66726F6F 
 1297      7400
 1298              	.LASF63:
 1299 080a 666C6173 		.ascii	"flashEraseDelay\000"
 1299      68457261 
 1299      73654465 
 1299      6C617900 
ARM GAS  C:\Users\Patron\AppData\Local\Temp\ccjKvz8b.s 			page 30


 1300              	.LASF21:
 1301 081a 75696E74 		.ascii	"uint32_t\000"
 1301      33325F74 
 1301      00
 1302              	.LASF2:
 1303 0823 6C6F6E67 		.ascii	"long double\000"
 1303      20646F75 
 1303      626C6500 
 1304              	.LASF16:
 1305 082f 63686172 		.ascii	"char\000"
 1305      00
 1306              	.LASF40:
 1307 0834 70726F74 		.ascii	"protVersion\000"
 1307      56657273 
 1307      696F6E00 
 1308              	.LASF103:
 1309 0840 63707573 		.ascii	"cpussRam0Ctl0\000"
 1309      7352616D 
 1309      3043746C 
 1309      3000
 1310              	.LASF8:
 1311 084e 5F5F7569 		.ascii	"__uint16_t\000"
 1311      6E743136 
 1311      5F7400
 1312              	.LASF140:
 1313 0859 63795F62 		.ascii	"cy_ble_pendingFlashWrite\000"
 1313      6C655F70 
 1313      656E6469 
 1313      6E67466C 
 1313      61736857 
 1314              	.LASF84:
 1315 0872 70657269 		.ascii	"periDiv16CtlOffset\000"
 1315      44697631 
 1315      3643746C 
 1315      4F666673 
 1315      657400
 1316              	.LASF10:
 1317 0885 5F5F696E 		.ascii	"__int32_t\000"
 1317      7433325F 
 1317      7400
 1318              	.LASF136:
 1319 088f 63795F62 		.ascii	"cy_ble_advState\000"
 1319      6C655F61 
 1319      64765374 
 1319      61746500 
 1320              	.LASF37:
 1321 089f 6873696F 		.ascii	"hsiomVersion\000"
 1321      6D566572 
 1321      73696F6E 
 1321      00
 1322              	.LASF65:
 1323 08ac 666C6173 		.ascii	"flashCtlMainWs1Freq\000"
 1323      6843746C 
 1323      4D61696E 
 1323      57733146 
 1323      72657100 
 1324              	.LASF9:
ARM GAS  C:\Users\Patron\AppData\Local\Temp\ccjKvz8b.s 			page 31


 1325 08c0 73686F72 		.ascii	"short unsigned int\000"
 1325      7420756E 
 1325      7369676E 
 1325      65642069 
 1325      6E7400
 1326              	.LASF70:
 1327 08d3 64774368 		.ascii	"dwChSize\000"
 1327      53697A65 
 1327      00
 1328              	.LASF106:
 1329 08dc 69706353 		.ascii	"ipcStructSize\000"
 1329      74727563 
 1329      7453697A 
 1329      6500
 1330              	.LASF45:
 1331 08ea 63707573 		.ascii	"cpussIpc0Irq\000"
 1331      73497063 
 1331      30497271 
 1331      00
 1332              	.LASF88:
 1333 08f7 6770696F 		.ascii	"gpioPrtCfgOffset\000"
 1333      50727443 
 1333      66674F66 
 1333      66736574 
 1333      00
 1334              	.LASF124:
 1335 0908 43595F42 		.ascii	"CY_BLE_CONN_STATE_DISCONNECTED\000"
 1335      4C455F43 
 1335      4F4E4E5F 
 1335      53544154 
 1335      455F4449 
 1336              	.LASF138:
 1337 0927 63795F62 		.ascii	"cy_ble_connHandle\000"
 1337      6C655F63 
 1337      6F6E6E48 
 1337      616E646C 
 1337      6500
 1338              	.LASF143:
 1339 0939 433A5C55 		.ascii	"C:\\Users\\Patron\\Documents\\PSoC Creator\\BLE_Con"
 1339      73657273 
 1339      5C506174 
 1339      726F6E5C 
 1339      446F6375 
 1340 0967 74726F6C 		.ascii	"troller\\Wrist.cydsn\000"
 1340      6C65725C 
 1340      57726973 
 1340      742E6379 
 1340      64736E00 
 1341              	.LASF47:
 1342 097b 63707573 		.ascii	"cpussNotConnectedIrq\000"
 1342      734E6F74 
 1342      436F6E6E 
 1342      65637465 
 1342      64497271 
 1343              	.LASF121:
 1344 0990 43595F42 		.ascii	"CY_BLE_ADV_STATE_ADVERTISING\000"
 1344      4C455F41 
ARM GAS  C:\Users\Patron\AppData\Local\Temp\ccjKvz8b.s 			page 32


 1344      44565F53 
 1344      54415445 
 1344      5F414456 
 1345              	.LASF119:
 1346 09ad 43595F42 		.ascii	"CY_BLE_ADV_STATE_STOPPED\000"
 1346      4C455F41 
 1346      44565F53 
 1346      54415445 
 1346      5F53544F 
 1347              	.LASF17:
 1348 09c6 75696E74 		.ascii	"uint8_t\000"
 1348      385F7400 
 1349              	.LASF94:
 1350 09ce 63707573 		.ascii	"cpussCm4StatusOffset\000"
 1350      73436D34 
 1350      53746174 
 1350      75734F66 
 1350      66736574 
 1351              	.LASF87:
 1352 09e3 6770696F 		.ascii	"gpioPrtIntrCfgOffset\000"
 1352      50727449 
 1352      6E747243 
 1352      66674F66 
 1352      66736574 
 1353              	.LASF98:
 1354 09f8 63707573 		.ascii	"cpussTrimRomCtlOffset\000"
 1354      73547269 
 1354      6D526F6D 
 1354      43746C4F 
 1354      66667365 
 1355              	.LASF111:
 1356 0a0e 62644861 		.ascii	"bdHandle\000"
 1356      6E646C65 
 1356      00
 1357              	.LASF48:
 1358 0a17 73727373 		.ascii	"srssNumClkpath\000"
 1358      4E756D43 
 1358      6C6B7061 
 1358      746800
 1359              	.LASF34:
 1360 0a26 64775665 		.ascii	"dwVersion\000"
 1360      7273696F 
 1360      6E00
 1361              	.LASF30:
 1362 0a30 69706342 		.ascii	"ipcBase\000"
 1362      61736500 
 1363              	.LASF81:
 1364 0a38 70657269 		.ascii	"periDivCmdPaDivSelPos\000"
 1364      44697643 
 1364      6D645061 
 1364      44697653 
 1364      656C506F 
 1365              	.LASF62:
 1366 0a4e 666C6173 		.ascii	"flashProgramDelay\000"
 1366      6850726F 
 1366      6772616D 
 1366      44656C61 
ARM GAS  C:\Users\Patron\AppData\Local\Temp\ccjKvz8b.s 			page 33


 1366      7900
 1367              	.LASF125:
 1368 0a60 43595F42 		.ascii	"CY_BLE_CONN_STATE_CLIENT_DISCONNECTED_DISCOVERED\000"
 1368      4C455F43 
 1368      4F4E4E5F 
 1368      53544154 
 1368      455F434C 
 1369              	.LASF59:
 1370 0a91 666C6173 		.ascii	"flashRwwRequired\000"
 1370      68527777 
 1370      52657175 
 1370      69726564 
 1370      00
 1371              		.ident	"GCC: (GNU Tools for ARM Embedded Processors) 5.4.1 20160609 (release) [ARM/embedded-5-bran
